0.001586,	-0.001098,	0.998204,	0.000198,
-0.001220,	0.000183,	0.997655,	0.000202,
-0.000366,	0.000183,	0.997472,	0.000198,
0.000793,	0.000366,	0.996984,	0.000198,
-0.000305,	-0.000732,	0.997716,	0.000202,
0.000610,	0.000488,	0.998143,	0.000202,
-0.000854,	-0.001342,	0.996374,	0.000198,
-0.001220,	0.000854,	1.000705,	0.000198,
0.001037,	-0.001403,	1.000339,	0.000198,
0.001647,	0.000427,	0.998753,	0.000202,
0.001098,	-0.000061,	0.998631,	0.000195,
-0.000488,	-0.000610,	0.996130,	0.000198,
0.001281,	0.000305,	0.998265,	0.000198,
-0.000671,	0.000549,	0.999546,	0.000202,
0.000854,	0.001830,	0.996496,	0.000202,
-0.000610,	0.000854,	0.998631,	0.000198,
-0.000671,	0.001464,	0.998875,	0.000198,
0.000183,	-0.000976,	0.999668,	0.000198,
0.002013,	0.000427,	0.998631,	0.000202,
-0.000427,	0.001769,	0.997960,	0.000202,
0.000305,	-0.000122,	0.997533,	0.000198,
0.000793,	-0.000183,	0.997472,	0.000202,
-0.000671,	-0.000305,	0.999607,	0.000198,
0.002623,	0.000122,	0.997960,	0.000202,
0.000976,	-0.001037,	1.000095,	0.000198,
-0.001891,	0.000427,	0.997655,	0.000198,
0.000061,	0.000061,	0.997899,	0.000195,
0.001342,	0.000549,	0.997899,	0.000198,
-0.000427,	-0.000488,	1.000766,	0.000198,
0.002074,	0.000366,	0.996252,	0.000198,
-0.001342,	-0.000183,	0.998143,	0.000198,
0.000915,	0.001220,	0.996069,	0.000198,
0.000183,	-0.000854,	0.996557,	0.000202,
0.000732,	0.002074,	0.996618,	0.000198,
0.000671,	0.000915,	0.997777,	0.000198,
0.001159,	-0.000732,	0.997655,	0.000198,
0.002074,	-0.000610,	0.997899,	0.000198,
-0.000671,	0.001037,	1.001620,	0.000202,
-0.000305,	-0.000244,	0.998082,	0.000198,
-0.002562,	-0.000183,	0.998509,	0.000198,
-0.000061,	0.000122,	0.997350,	0.000198,
0.000183,	-0.000183,	0.999668,	0.000198,
0.001037,	-0.001159,	0.997838,	0.000198,
0.000122,	-0.000915,	0.999241,	0.000198,
0.001159,	-0.000671,	0.999729,	0.000198,
-0.001281,	-0.000427,	0.999851,	0.000198,
-0.001220,	-0.000244,	0.998692,	0.000198,
-0.001952,	-0.001037,	0.998387,	0.000198,
-0.000305,	-0.000671,	0.996862,	0.000198,
0.001220,	-0.000122,	0.996801,	0.000206,
-0.001342,	-0.000793,	0.994605,	0.000198,
-0.000854,	0.000244,	0.996374,	0.000198,
0.001464,	0.001037,	0.997045,	0.000198,
-0.000732,	-0.000305,	0.998204,	0.000198,
-0.001220,	-0.000061,	0.996984,	0.000198,
-0.000305,	0.000793,	0.999302,	0.000198,
0.001342,	-0.001159,	0.998204,	0.000206,
-0.001708,	-0.000122,	1.000095,	0.000198,
0.000549,	0.000854,	1.000888,	0.000198,
0.000732,	0.002257,	0.999424,	0.000198,
0.000732,	0.001037,	0.998875,	0.000198,
0.000854,	-0.002135,	0.997838,	0.000198,
0.000854,	0.000549,	0.998204,	0.000198,
0.001281,	0.000061,	1.000156,	0.000198,
-0.000610,	0.000122,	0.998509,	0.000198,
0.000000,	-0.001525,	0.998997,	0.000183,
-0.000061,	-0.000732,	0.997594,	0.000198,
0.001037,	-0.000122,	0.999180,	0.000198,
-0.001281,	-0.000122,	0.997838,	0.000198,
0.001952,	0.000488,	1.000583,	0.000198,
-0.000854,	-0.001769,	1.001254,	0.000206,
0.000427,	-0.001220,	1.001071,	0.000198,
-0.000183,	-0.000854,	1.001498,	0.000198,
-0.001342,	0.000000,	1.000339,	0.000183,
-0.000305,	0.000366,	0.997472,	0.000198,
0.000854,	-0.001159,	1.001437,	0.000198,
-0.001159,	-0.000366,	0.997899,	0.000198,
-0.000610,	-0.000854,	0.998387,	0.000206,
0.000061,	0.000915,	0.997106,	0.000191,
0.000427,	-0.000976,	0.998326,	0.000198,
0.000610,	-0.000305,	0.998631,	0.000198,
-0.002440,	0.000122,	0.998509,	0.000198,
-0.001830,	-0.000793,	0.998570,	0.000198,
0.001525,	0.000244,	0.996679,	0.000206,
-0.000915,	-0.001342,	0.999424,	0.000198,
0.000061,	-0.000244,	1.000095,	0.000198,
0.000183,	-0.001342,	0.999607,	0.000198,
0.001342,	-0.001708,	0.997716,	0.000198,
-0.000488,	-0.000976,	0.999424,	0.000191,
0.001159,	0.000732,	0.998692,	0.000198,
0.000549,	-0.000915,	0.997777,	0.000198,
-0.000976,	-0.000122,	0.999546,	0.000198,
-0.002135,	-0.000488,	1.000278,	0.000198,
-0.000854,	0.001647,	1.000034,	0.000206,
0.000488,	-0.000122,	0.999546,	0.000198,
0.000305,	0.000976,	1.000400,	0.000198,
0.000915,	-0.001037,	0.997350,	0.000198,
-0.001647,	-0.002379,	0.999302,	0.000198,
0.002562,	-0.000915,	0.996496,	0.000198,
0.000488,	-0.000061,	1.000156,	0.000198,
0.000000,	-0.000610,	1.000583,	0.000183,
-0.000976,	-0.000366,	0.999424,	0.000198,
-0.000671,	0.000183,	1.000461,	0.000206,
0.000671,	0.001037,	0.999302,	0.000198,
-0.000976,	-0.001037,	1.000156,	0.000198,
-0.000122,	-0.000122,	0.999790,	0.000206,
0.001647,	-0.000732,	0.998997,	0.000198,
0.000793,	-0.000549,	0.998570,	0.000206,
-0.000244,	0.000854,	0.997411,	0.000198,
0.000610,	-0.000610,	0.998570,	0.000198,
0.001342,	-0.000183,	0.998265,	0.000198,
-0.002074,	-0.000061,	0.998814,	0.000198,
0.000244,	-0.000732,	0.998021,	0.000198,
-0.001586,	-0.000610,	0.998692,	0.000198,
0.001769,	0.000305,	0.998631,	0.000198,
0.000854,	-0.000549,	0.997716,	0.000198,
-0.001159,	-0.001647,	0.999058,	0.000198,
0.000427,	0.000366,	0.998631,	0.000198,
-0.000854,	-0.000122,	0.998692,	0.000198,
0.000793,	-0.000366,	0.997228,	0.000198,
-0.001281,	0.000610,	0.999607,	0.000198,
-0.000305,	-0.000793,	0.997655,	0.000198,
0.001464,	0.001342,	0.998082,	0.000198,
0.000305,	0.000305,	0.997289,	0.000198,
0.001037,	0.001220,	0.998692,	0.000198,
-0.001342,	0.000488,	0.997472,	0.000198,
0.001159,	-0.000183,	0.997960,	0.000198,
-0.001647,	-0.000488,	0.996801,	0.000198,
0.000671,	-0.000854,	0.996557,	0.000198,
-0.000061,	-0.000854,	0.998326,	0.000191,
0.000915,	0.000000,	0.997899,	0.000191,
0.002318,	-0.000488,	0.995886,	0.000198,
0.000854,	-0.001464,	0.998204,	0.000198,
0.000061,	0.000793,	0.998387,	0.000198,
0.000793,	0.001342,	0.997594,	0.000198,
-0.000244,	-0.000366,	0.998936,	0.000198,
-0.002318,	-0.000061,	0.997167,	0.000198,
-0.000854,	0.000244,	0.997594,	0.000198,
-0.000976,	0.000061,	0.997960,	0.000198,
0.000671,	-0.000488,	0.997716,	0.000198,
0.000915,	0.000000,	0.999485,	0.000183,
0.000732,	-0.000305,	0.996374,	0.000198,
-0.001647,	0.001098,	0.996923,	0.000198,
-0.000366,	0.000549,	0.995398,	0.000198,
-0.001647,	-0.002501,	0.997777,	0.000198,
-0.001159,	-0.000183,	0.996130,	0.000198,
0.000610,	0.000427,	0.999180,	0.000198,
0.001952,	0.000549,	0.995886,	0.000198,
-0.000122,	-0.001708,	0.998814,	0.000198,
0.000488,	0.001647,	0.997350,	0.000198,
-0.000671,	-0.000427,	0.997655,	0.000198,
-0.000305,	-0.000549,	0.996496,	0.000198,
-0.001281,	-0.000122,	0.998570,	0.000198,
0.000366,	-0.001525,	0.999607,	0.000198,
-0.002989,	-0.001342,	0.998265,	0.000198,
-0.001830,	-0.000305,	0.997716,	0.000198,
-0.000488,	0.000610,	0.997716,	0.000198,
0.000000,	0.000549,	0.996740,	0.000183,
0.000183,	0.001952,	0.997838,	0.000198,
0.000183,	-0.000366,	0.998448,	0.000198,
0.000854,	0.000488,	0.996618,	0.000198,
-0.000549,	-0.001037,	0.996923,	0.000198,
-0.000366,	-0.002379,	0.996130,	0.000198,
0.000610,	-0.000854,	0.997289,	0.000198,
-0.000366,	-0.000549,	0.996557,	0.000198,
0.001220,	-0.000549,	0.997777,	0.000198,
0.001281,	-0.000488,	0.998021,	0.000198,
0.000000,	-0.001220,	0.996435,	0.000183,
0.000000,	-0.001342,	0.997594,	0.000183,
0.001037,	0.001403,	0.997106,	0.000198,
0.001403,	-0.000183,	0.998631,	0.000206,
0.000122,	0.000549,	0.996374,	0.000198,
-0.000305,	-0.000183,	0.999485,	0.000206,
0.000610,	-0.000305,	0.998387,	0.000198,
-0.000366,	0.000366,	0.998387,	0.000198,
0.001769,	0.000000,	0.996801,	0.000183,
0.000976,	-0.000427,	0.997167,	0.000198,
0.000793,	-0.001281,	0.997838,	0.000206,
0.000305,	0.002745,	0.998631,	0.000198,
0.002074,	0.000122,	0.997350,	0.000198,
0.001403,	-0.001464,	0.998143,	0.000198,
0.000854,	-0.001525,	0.996801,	0.000198,
-0.001586,	-0.000793,	0.999241,	0.000198,
0.000305,	-0.000122,	0.997960,	0.000198,
-0.001342,	0.000549,	0.998021,	0.000198,
0.001525,	0.000305,	0.997960,	0.000198,
-0.001220,	-0.000122,	1.000522,	0.000198,
0.000671,	0.000427,	0.999485,	0.000198,
-0.000488,	-0.000061,	0.997472,	0.000198,
-0.001342,	0.000000,	0.999790,	0.000183,
0.000061,	0.002806,	0.996435,	0.000198,
-0.000244,	0.000122,	0.998875,	0.000198,
0.000854,	0.001159,	0.995947,	0.000198,
-0.001037,	0.000244,	0.998570,	0.000206,
-0.000671,	0.000183,	0.997594,	0.000198,
0.000610,	-0.001342,	0.999058,	0.000198,
0.000549,	0.000305,	0.997899,	0.000198,
0.000305,	-0.001220,	0.998082,	0.000206,
-0.000854,	0.000244,	0.995947,	-0.000801,
-0.000610,	0.000366,	0.996374,	0.000198,
-0.000183,	-0.000915,	0.998387,	0.000198,
-0.000183,	0.000488,	1.000034,	0.000198,
-0.001159,	-0.000366,	0.998692,	0.000198,
0.001037,	0.000610,	1.000461,	0.000206,
0.000244,	-0.000305,	0.998143,	0.000198,
-0.000061,	0.000488,	0.997838,	0.000198,
0.000305,	-0.000122,	0.999119,	0.000198,
0.000427,	0.000305,	0.997106,	0.000198,
-0.000488,	0.000854,	0.998082,	0.000198,
0.000793,	0.000793,	0.998509,	0.000198,
0.000793,	-0.000305,	0.997716,	0.000198,
0.000183,	-0.000305,	0.998021,	0.000198,
0.000732,	0.000488,	0.996984,	0.000198,
0.001464,	-0.000915,	0.999180,	0.000198,
-0.001159,	-0.000061,	0.997289,	0.000198,
-0.001037,	-0.000305,	0.999973,	0.000198,
0.000305,	0.001403,	0.998753,	0.000206,
-0.000244,	0.000915,	0.999058,	0.000198,
0.000915,	0.001525,	1.001437,	0.000198,
-0.000183,	0.000305,	0.999912,	0.000206,
0.000610,	0.000854,	0.999180,	0.000198,
0.000427,	-0.000427,	0.998753,	0.000198,
0.002623,	0.000427,	0.998631,	0.000206,
0.001525,	-0.000244,	0.997655,	0.000198,
0.001098,	-0.000915,	0.997350,	0.000198,
0.001098,	-0.000305,	0.998082,	0.000198,
0.000671,	-0.001281,	0.999119,	0.000198,
0.001708,	-0.000122,	1.000095,	0.000198,
0.000244,	0.002074,	0.998692,	0.000206,
0.000183,	-0.000244,	0.998021,	0.000198,
-0.000061,	0.001037,	0.998143,	0.000198,
0.000671,	-0.000732,	0.999180,	0.000198,
0.001220,	-0.001342,	1.001803,	0.000198,
0.001159,	0.000122,	0.998570,	0.000198,
0.000244,	-0.000793,	0.998753,	0.000198,
0.000732,	-0.000610,	1.000217,	0.000198,
0.000854,	0.001281,	0.998143,	0.000198,
0.000915,	-0.000915,	0.998936,	0.000198,
-0.001159,	0.000183,	0.997777,	0.000198,
0.000671,	0.002440,	0.999241,	0.000198,
0.000183,	0.000549,	0.999180,	0.000198,
0.000488,	-0.001159,	0.997960,	0.000198,
-0.000732,	-0.000427,	0.998570,	0.000198,
0.000854,	0.000488,	0.998570,	0.000198,
-0.000793,	-0.001037,	1.000461,	0.000198,
0.000854,	-0.000305,	0.998997,	0.000198,
-0.000061,	0.000000,	0.998082,	0.000183,
-0.000610,	0.001220,	0.998143,	0.000198,
0.001098,	-0.002928,	0.998997,	0.000198,
0.000305,	0.000549,	0.998814,	0.000198,
-0.002806,	0.000000,	0.998265,	0.000183,
-0.000122,	0.000549,	0.998997,	0.000206,
0.001220,	-0.000793,	0.998631,	0.000198,
0.001098,	0.000000,	0.997533,	0.000183,
-0.000366,	0.000671,	0.996984,	0.000198,
-0.000183,	0.000061,	0.997777,	0.000198,
-0.000427,	0.000671,	0.999729,	0.000198,
0.001159,	0.000488,	0.996923,	0.000198,
0.001586,	-0.000488,	0.996130,	0.000198,
0.001220,	0.001098,	0.995886,	0.000206,
-0.002806,	-0.000793,	0.997350,	0.000198,
-0.001281,	0.000305,	0.997777,	0.000198,
-0.000122,	0.001159,	0.997899,	0.000198,
0.000061,	-0.000915,	0.999058,	0.000198,
0.001159,	-0.001647,	0.996984,	0.000198,
-0.000305,	-0.000671,	0.998265,	0.000198,
0.000671,	0.000732,	0.997777,	0.000198,
0.000488,	0.000732,	0.997350,	0.000198,
-0.001586,	0.001037,	0.999668,	0.000198,
0.000549,	-0.000488,	0.995154,	0.000198,
0.000854,	0.000610,	1.000522,	0.000183,
0.000732,	0.000732,	0.995215,	0.000198,
0.000671,	0.000061,	0.996496,	0.000198,
-0.000549,	0.000000,	0.997045,	0.000183,
-0.000610,	0.001708,	0.997167,	0.000198,
-0.000976,	-0.000793,	0.998448,	0.000198,
0.000488,	-0.000183,	0.997167,	0.000206,
-0.001281,	0.000732,	0.997838,	0.000198,
0.002257,	0.000610,	0.998265,	0.000198,
0.000671,	-0.000061,	0.999485,	0.000198,
-0.000061,	-0.000366,	1.000827,	0.000198,
0.000427,	-0.000183,	0.998631,	0.000198,
0.000305,	0.000976,	0.997960,	0.000198,
-0.000915,	-0.000183,	0.998326,	0.000198,
-0.000427,	-0.000244,	0.998814,	0.000198,
0.000305,	-0.000915,	0.999363,	0.000206,
0.000793,	0.000671,	0.997472,	0.000198,
0.002501,	-0.000366,	0.998509,	0.000198,
0.001586,	-0.000244,	0.998265,	0.000206,
0.001464,	0.000488,	0.997777,	0.000198,
-0.000061,	-0.000427,	0.996801,	0.000198,
0.001098,	0.000183,	0.997838,	0.000198,
-0.000183,	0.000488,	0.995215,	0.000198,
0.000915,	0.000244,	0.998631,	0.000198,
-0.001037,	0.000854,	0.997411,	0.000198,
0.000427,	-0.001891,	0.997472,	0.000198,
-0.001647,	0.000549,	0.999302,	0.000198,
0.000244,	0.001037,	0.996801,	0.000198,
0.000427,	0.000793,	0.997533,	0.000198,
0.000061,	-0.001159,	0.999180,	0.000198,
0.000427,	0.000915,	0.999424,	0.000198,
0.000183,	0.000732,	0.998265,	0.000198,
-0.000305,	0.000305,	0.998997,	0.000198,
0.000305,	-0.000549,	0.996923,	0.000198,
-0.000854,	0.000488,	0.997411,	0.000198,
-0.001403,	-0.000366,	0.997228,	0.000198,
0.000183,	0.000793,	0.998631,	0.000198,
0.002501,	-0.000122,	0.998326,	0.000198,
0.001281,	0.000244,	0.998631,	0.000198,
0.000976,	-0.001037,	0.998021,	0.000198,
-0.001098,	-0.001403,	0.998448,	0.000175,
0.001708,	0.000793,	0.998204,	0.000198,
0.001159,	-0.000244,	0.998631,	0.000198,
0.000305,	-0.000305,	0.999668,	0.000198,
0.001708,	0.000610,	0.998082,	0.000198,
0.001159,	0.000793,	0.997228,	0.000198,
-0.001647,	0.001525,	0.996984,	0.000198,
-0.000610,	0.000000,	0.995398,	0.000175,
0.001037,	-0.000610,	0.997045,	0.000198,
-0.002013,	0.000305,	0.998265,	0.000198,
-0.000671,	0.000427,	0.995337,	0.000198,
0.000427,	0.000671,	0.997167,	0.000198,
-0.000305,	-0.000122,	0.998387,	0.000198,
0.000488,	-0.001342,	0.997411,	0.000198,
-0.001586,	0.000488,	0.997533,	0.000198,
-0.000183,	-0.000122,	0.998204,	0.000198,
0.000671,	-0.002867,	0.996984,	0.000198,
-0.000366,	-0.000061,	0.998753,	0.000198,
0.000549,	-0.001281,	0.997045,	0.000198,
0.000671,	-0.000732,	0.997106,	0.000198,
0.001647,	0.001098,	0.996252,	0.000198,
0.000427,	0.000732,	0.996252,	0.000198,
-0.000305,	0.000732,	0.997533,	0.000198,
-0.002440,	0.000976,	0.997350,	0.000198,
0.000549,	0.000366,	0.997106,	0.000198,
-0.001098,	-0.000610,	0.998692,	0.000198,
0.000122,	-0.001220,	0.997411,	0.000198,
-0.000305,	-0.000549,	0.997960,	0.000198,
0.000000,	0.000732,	0.995886,	0.000183,
0.001464,	0.000793,	0.997655,	0.000198,
0.002989,	-0.000427,	0.998143,	0.000198,
-0.000610,	-0.001342,	0.997228,	0.000198,
0.000915,	0.000122,	0.998082,	0.000198,
0.000000,	-0.000305,	0.998509,	0.000175,
-0.000427,	-0.001464,	0.997899,	0.000198,
0.001037,	-0.000305,	0.996618,	0.000198,
0.001220,	-0.001220,	0.997411,	0.000198,
0.002074,	0.000244,	0.998692,	0.000206,
-0.000793,	-0.000854,	0.998082,	0.000198,
-0.001159,	-0.000061,	0.998021,	0.000198,
0.000366,	0.000122,	0.998265,	0.000198,
-0.000427,	-0.001952,	0.997777,	0.000206,
-0.002135,	0.001098,	0.998143,	0.000206,
-0.000549,	-0.000915,	0.997594,	0.000198,
-0.000061,	0.000366,	0.998204,	0.000191,
-0.000793,	0.000488,	0.998143,	0.000198,
-0.000061,	-0.001220,	1.000461,	0.000198,
0.000793,	-0.001098,	0.997899,	0.000198,
0.001220,	-0.000366,	1.000644,	0.000198,
-0.000793,	0.000488,	0.997167,	0.000198,
0.000915,	-0.000183,	0.997045,	0.000198,
0.000915,	0.000915,	0.997716,	0.000198,
-0.000854,	0.000732,	0.998082,	0.000198,
-0.000305,	0.000366,	0.998692,	0.000198,
-0.000793,	-0.000793,	0.998082,	0.000206,
0.001037,	-0.000488,	0.999485,	0.000198,
-0.000305,	0.000244,	1.000461,	0.000206,
-0.000305,	0.001464,	0.998814,	0.000198,
0.000183,	0.000305,	1.000461,	0.000198,
-0.000183,	-0.000671,	0.996435,	0.000198,
0.002806,	-0.000915,	0.996923,	0.000198,
-0.001586,	0.000061,	0.998875,	0.000191,
0.001220,	-0.001037,	1.000888,	0.000206,
-0.000122,	-0.000488,	0.998021,	0.000198,
0.001281,	-0.000061,	0.999241,	0.000198,
-0.001525,	0.001647,	0.998875,	0.000198,
0.001098,	-0.000976,	0.996923,	0.000206,
-0.000732,	0.000366,	0.998448,	0.000198,
-0.001586,	0.000244,	0.998875,	0.000206,
0.000183,	0.000549,	1.000217,	0.000198,
0.001098,	0.000183,	0.999668,	0.000198,
0.001281,	0.000183,	0.998204,	0.000198,
-0.000061,	-0.000122,	1.000339,	0.000198,
0.000305,	0.000854,	0.998570,	0.000198,
0.000549,	-0.000427,	0.999546,	0.000198,
0.001098,	0.000976,	0.998204,	0.000198,
0.000122,	0.000427,	0.998448,	0.000198,
0.001647,	0.000000,	0.998448,	0.000183,
-0.000427,	-0.001464,	0.999729,	0.000198,
0.000183,	-0.000671,	1.001071,	0.000206,
-0.000122,	-0.000610,	1.001498,	0.000198,
-0.000427,	-0.001647,	0.999546,	0.000198,
-0.000732,	-0.001830,	1.000888,	0.000198,
0.001220,	0.000000,	0.998204,	0.000183,
0.000122,	-0.001464,	0.998326,	0.000198,
-0.001037,	0.000427,	0.998753,	0.000198,
0.000000,	-0.000732,	0.998631,	0.000183,
-0.000244,	0.000671,	0.997228,	0.000198,
0.001342,	0.000000,	1.001010,	0.000183,
-0.000549,	0.000366,	0.997655,	0.000206,
0.000244,	-0.000366,	0.999363,	0.000198,
-0.000671,	0.000610,	0.998631,	0.000198,
0.000061,	-0.001403,	0.997350,	0.000198,
-0.000183,	0.001037,	1.000644,	0.000198,
-0.000976,	0.001403,	0.998814,	0.000198,
0.000976,	-0.000793,	0.999485,	0.000198,
0.000854,	-0.000610,	0.999302,	0.000206,
-0.001037,	0.000732,	0.999241,	0.000198,
-0.001220,	0.000976,	0.998936,	0.000206,
-0.001159,	0.001403,	0.998997,	0.000206,
-0.000061,	-0.000122,	0.999973,	0.000198,
0.001281,	-0.001952,	0.999790,	0.000198,
0.000244,	0.000244,	0.998631,	0.000198,
0.000793,	-0.000732,	0.999302,	0.000198,
0.000854,	0.000244,	1.000461,	0.000206,
-0.000915,	0.001403,	0.998143,	0.000206,
-0.000976,	-0.001098,	0.998875,	0.000198,
0.000671,	-0.000610,	0.999546,	0.000198,
-0.000305,	-0.000305,	0.998204,	0.000198,
0.000976,	-0.000366,	0.997838,	0.000198,
-0.000671,	-0.002257,	0.999912,	0.000198,
0.001098,	0.001769,	0.997777,	0.000198,
-0.000488,	0.000183,	0.999973,	0.000198,
0.001647,	-0.000305,	0.996618,	0.000198,
-0.001220,	-0.000488,	0.998021,	0.000198,
-0.001586,	0.000244,	0.998814,	0.000198,
0.000061,	0.000793,	0.999485,	0.000198,
-0.000305,	0.000427,	0.998875,	0.000206,
0.000244,	0.000305,	0.998692,	0.000198,
-0.001037,	0.000122,	0.997655,	0.000198,
0.000854,	-0.000305,	0.999668,	0.000198,
-0.002013,	0.000610,	0.999241,	0.000198,
-0.001403,	-0.001037,	0.997655,	0.000198,
0.000427,	0.000244,	0.997838,	0.000198,
-0.002379,	-0.000427,	0.996679,	0.000198,
0.001098,	-0.000610,	0.996557,	0.000198,
0.000854,	-0.001037,	0.997289,	0.000198,
-0.001342,	-0.001586,	0.995520,	0.000198,
0.000305,	-0.000915,	0.997228,	0.000198,
-0.001647,	-0.000427,	0.998143,	0.000198,
-0.001098,	-0.000610,	0.998692,	0.000206,
-0.000122,	0.000427,	0.998509,	0.000198,
-0.000183,	0.001098,	0.998265,	0.000206,
-0.000061,	-0.000122,	0.998875,	0.000191,
0.001586,	0.000122,	0.999363,	0.000206,
-0.000427,	-0.001098,	0.998021,	0.000206,
0.001403,	0.000854,	0.998143,	0.000198,
0.000305,	0.002013,	0.996313,	0.000206,
-0.000183,	0.000488,	0.998570,	0.000198,
0.000122,	0.000549,	0.998387,	0.000198,
-0.001098,	0.002013,	0.996801,	0.000198,
-0.000061,	0.000122,	0.996130,	0.000191,
-0.000427,	0.000061,	0.996618,	0.000198,
-0.002867,	-0.000488,	0.996191,	0.000198,
-0.000915,	0.002257,	0.995398,	0.000198,
0.001281,	-0.000488,	0.995581,	0.000198,
0.001037,	0.000427,	0.999912,	0.000206,
-0.000244,	0.001037,	0.996557,	0.000198,
-0.000366,	0.000488,	0.997899,	0.000198,
-0.001342,	-0.000793,	0.997533,	0.000198,
0.000427,	0.000671,	0.996191,	0.000198,
-0.000305,	-0.000671,	0.998631,	0.000198,
0.000854,	-0.001098,	0.995947,	0.000198,
0.000915,	-0.000122,	1.000461,	0.000198,
-0.001525,	-0.002135,	0.997960,	0.000206,
0.000244,	-0.001281,	0.996984,	0.000206,
-0.000427,	-0.000976,	0.998753,	0.000198,
0.000122,	-0.000427,	0.998692,	0.000198,
-0.000915,	0.002074,	0.999424,	0.000191,
-0.000854,	-0.001159,	0.996923,	0.000198,
-0.000122,	-0.000122,	0.998387,	0.000206,
0.000061,	0.000183,	0.997411,	0.000198,
0.000305,	-0.000183,	0.998997,	0.000198,
-0.001891,	0.000183,	1.000095,	0.000198,
-0.000244,	-0.000976,	0.996679,	0.000198,
-0.000549,	-0.000244,	0.999851,	0.000198,
-0.000854,	0.000244,	0.997350,	0.000198,
0.000854,	-0.000061,	0.996923,	0.000198,
-0.000244,	0.000427,	0.998814,	0.000198,
0.000244,	-0.000671,	0.999058,	0.000198,
0.001342,	0.002013,	0.997838,	0.000206,
-0.000427,	-0.000366,	0.998143,	0.000198,
0.000366,	-0.000305,	0.999058,	0.000198,
0.001098,	0.000427,	0.998631,	0.000198,
-0.000549,	-0.000488,	0.998631,	0.000206,
-0.000305,	-0.000122,	0.997960,	0.000198,
0.001525,	0.000305,	0.997838,	0.000198,
-0.000061,	0.001647,	0.997960,	0.000198,
-0.001281,	-0.000915,	0.997594,	0.000198,
0.002318,	-0.000244,	0.997838,	0.000198,
0.000183,	0.000610,	0.996679,	0.000198,
0.000793,	-0.000061,	0.998631,	0.000198,
0.001525,	0.001281,	1.000644,	0.000198,
-0.001403,	0.000671,	1.000095,	0.000206,
0.001586,	-0.000244,	0.998021,	0.000198,
0.001403,	0.001159,	0.998326,	0.000198,
-0.001586,	-0.001098,	0.998204,	0.000198,
-0.001159,	-0.001159,	0.998387,	0.000198,
0.000183,	-0.000427,	0.998936,	0.000198,
0.000305,	-0.000671,	0.998875,	0.000198,
-0.000427,	-0.000244,	0.997960,	0.000198,
-0.000854,	-0.000366,	0.997472,	0.000198,
-0.000915,	0.000549,	0.997167,	0.000198,
0.000366,	0.000793,	0.999119,	0.000206,
-0.000854,	0.000793,	0.998265,	0.000198,
-0.000366,	-0.001708,	0.997716,	0.000206,
-0.000732,	-0.000793,	0.999668,	0.000198,
-0.000793,	-0.000793,	0.997594,	0.000198,
-0.000732,	-0.000671,	0.999302,	0.000198,
0.001159,	-0.001037,	0.997960,	0.000198,
0.001830,	-0.001525,	0.997899,	0.000198,
0.000305,	0.000427,	0.999119,	0.000198,
0.000305,	-0.000732,	0.998021,	0.000206,
0.000305,	-0.000427,	0.999485,	0.000198,
-0.000305,	0.000854,	0.998387,	0.000198,
-0.001525,	0.000305,	0.997899,	0.000198,
-0.000854,	0.000366,	0.998448,	0.000198,
-0.000183,	-0.000976,	0.998448,	0.000198,
0.000671,	0.000305,	0.995703,	0.000198,
0.001708,	0.000305,	0.997777,	0.000198,
0.000061,	-0.000244,	0.998692,	0.000198,
0.001159,	-0.000488,	0.997594,	0.000198,
0.000305,	0.000793,	0.997411,	0.000198,
0.000122,	-0.000244,	0.997655,	0.000198,
0.000244,	-0.000854,	0.997899,	0.000198,
-0.000549,	0.001830,	0.997655,	0.000198,
-0.000732,	-0.001952,	0.997899,	0.000198,
-0.001647,	0.000183,	0.998814,	0.000198,
0.002745,	-0.000610,	0.998082,	0.000206,
0.000549,	0.000793,	0.998509,	0.000198,
0.000732,	0.000488,	0.997777,	0.000198,
0.000061,	0.000366,	0.996313,	0.000191,
0.000183,	-0.000976,	0.996862,	0.000198,
-0.000427,	-0.000122,	0.997228,	0.000198,
-0.002074,	-0.001098,	0.999729,	0.000206,
-0.000366,	0.001525,	0.998448,	0.000198,
0.001769,	0.000000,	0.999607,	0.000160,
-0.000488,	0.000671,	0.997350,	0.000198,
0.000000,	-0.001098,	0.997106,	0.000183,
0.000244,	-0.000488,	0.997960,	0.000198,
0.001586,	-0.000305,	0.997594,	0.000198,
-0.000305,	-0.001037,	0.998082,	0.000198,
0.000427,	0.000061,	0.996984,	0.000198,
-0.000366,	0.000732,	0.994910,	0.000206,
-0.000793,	0.000793,	0.997350,	0.000198,
-0.000061,	0.000061,	0.999180,	0.000191,
-0.000427,	-0.000244,	0.998326,	0.000198,
-0.001098,	-0.000854,	0.996984,	0.000198,
0.000488,	-0.001586,	0.996801,	0.000198,
0.001220,	0.001403,	0.996923,	0.000206,
0.002257,	0.000793,	0.995886,	0.000198,
0.001342,	0.000183,	0.997838,	0.000198,
-0.000305,	0.001586,	0.995581,	0.000206,
0.001403,	0.000610,	1.000156,	0.000198,
0.000061,	0.000061,	0.997350,	0.000191,
0.000976,	0.000488,	0.997411,	0.000198,
0.000427,	0.000976,	0.996496,	0.000198,
0.001281,	0.000427,	0.997228,	0.000198,
0.000244,	0.001037,	0.997472,	0.000198,
0.000793,	0.000183,	0.996740,	0.000198,
0.001830,	-0.000183,	0.998692,	0.000198,
-0.001403,	0.000000,	0.996984,	0.000183,
0.000793,	0.000549,	0.996435,	0.000206,
-0.000488,	-0.001708,	0.998204,	0.000198,
0.000915,	0.002196,	0.996069,	0.000198,
-0.000427,	0.000671,	0.997472,	0.000198,
0.001037,	-0.001342,	0.997228,	0.000198,
-0.000671,	-0.000854,	0.997045,	0.000198,
-0.000244,	0.000732,	0.997045,	0.000198,
0.000915,	-0.000610,	0.995764,	0.000198,
0.000854,	0.001342,	0.997838,	0.000198,
0.000671,	0.000061,	0.997350,	0.000191,
-0.002135,	-0.000549,	0.997289,	0.000206,
-0.000488,	0.001098,	0.996557,	0.000198,
-0.001403,	0.001891,	0.996069,	0.000206,
0.000061,	0.002257,	0.997289,	0.000198,
0.000183,	-0.000793,	0.998143,	0.000198,
-0.001220,	0.001098,	0.996801,	0.000198,
0.000671,	-0.000183,	0.996435,	0.000198,
-0.000610,	0.001281,	0.997777,	0.000198,
-0.000732,	0.000122,	0.996130,	0.000198,
-0.001464,	-0.000183,	0.997350,	0.000198,
0.001098,	0.000854,	0.996923,	0.000206,
0.000793,	0.000854,	0.997472,	0.000206,
-0.000854,	0.001220,	0.997899,	0.000198,
-0.000122,	0.001159,	0.998631,	0.000198,
-0.000366,	0.000061,	0.996679,	0.000198,
-0.000732,	-0.000183,	0.998509,	0.000198,
0.002135,	-0.000915,	0.999058,	0.000198,
0.000793,	-0.000488,	0.999546,	0.000198,
-0.001586,	-0.000854,	0.999485,	0.000198,
0.001525,	-0.000427,	0.999180,	0.000198,
0.001220,	-0.000366,	0.998143,	0.000198,
0.000366,	-0.000549,	0.998570,	0.000198,
0.002501,	0.000122,	0.998997,	0.000198,
-0.000122,	-0.000244,	0.997106,	0.000198,
-0.001342,	0.001403,	0.997838,	0.000198,
-0.000244,	-0.000305,	0.998082,	0.000198,
0.000488,	0.000854,	0.996191,	0.000198,
0.001098,	0.001830,	0.999424,	0.000198,
0.000000,	-0.000061,	0.998692,	0.000183,
0.000671,	0.000244,	0.998814,	0.000198,
-0.001647,	0.001525,	0.998753,	0.000206,
0.000183,	0.001098,	0.998936,	0.000198,
-0.001525,	-0.000183,	0.997106,	0.000206,
0.000183,	-0.000976,	0.997167,	0.000206,
-0.001403,	0.000244,	0.998021,	0.000206,
-0.000915,	-0.003050,	0.997960,	0.000198,
0.000000,	-0.000488,	0.999668,	0.000183,
0.001220,	-0.001647,	0.998936,	0.000198,
0.000488,	-0.000061,	0.998021,	0.000198,
-0.001220,	-0.000366,	0.998143,	0.000206,
0.000549,	0.001037,	0.996618,	0.000198,
0.000427,	-0.000671,	0.997960,	0.000198,
-0.001098,	0.000000,	0.997594,	0.000175,
0.000427,	0.000549,	0.998997,	0.000198,
-0.001586,	0.001220,	0.997228,	0.000198,
-0.001037,	-0.000976,	0.997655,	0.000198,
0.000366,	-0.000305,	0.996191,	0.000198,
0.003050,	-0.000549,	0.998570,	0.000206,
-0.001830,	0.000549,	0.997167,	0.000198,
-0.000549,	0.001769,	0.997777,	0.000198,
0.000061,	-0.001769,	0.998021,	0.000198,
0.001830,	-0.000061,	0.996496,	0.000198,
0.001525,	-0.001159,	0.996984,	0.000198,
0.000976,	-0.000366,	0.997106,	0.000198,
0.000915,	-0.000976,	0.995337,	0.000198,
0.002013,	-0.000671,	0.997716,	0.000198,
0.000366,	0.000671,	0.997045,	0.000198,
0.000488,	0.000183,	0.996618,	0.000198,
0.000549,	0.002196,	0.997289,	0.000198,
0.000244,	-0.000549,	0.996557,	0.000206,
0.001220,	0.002196,	0.996679,	0.000198,
-0.001647,	-0.000366,	0.998265,	0.000198,
-0.000122,	-0.000244,	0.998082,	0.000198,
-0.000976,	0.000427,	0.997533,	0.000198,
-0.000061,	-0.000488,	0.997045,	0.000198,
-0.001708,	0.001159,	0.996984,	0.000198,
0.000610,	0.000671,	0.996069,	0.000198,
-0.000366,	0.000610,	0.996435,	0.000198,
0.000915,	0.001281,	0.995459,	0.000198,
0.000732,	0.002074,	0.995642,	0.000198,
-0.000793,	0.002379,	0.995337,	0.000198,
-0.000488,	-0.000488,	0.994605,	0.000206,
0.001098,	0.000183,	0.996374,	0.000198,
0.000610,	0.000305,	0.997228,	0.000198,
0.002257,	0.002562,	0.997716,	0.000198,
0.001159,	0.000183,	0.995764,	0.000198,
-0.001220,	-0.000976,	0.996252,	0.000198,
-0.000305,	-0.000427,	0.997045,	0.000198,
0.000061,	0.000976,	0.997411,	0.000198,
-0.000671,	-0.000427,	0.997350,	0.000198,
0.000305,	-0.000854,	0.997472,	0.000198,
0.000183,	-0.000732,	0.998204,	0.000198,
-0.001708,	0.000061,	0.999058,	0.000198,
-0.001037,	0.002074,	0.997411,	0.000198,
-0.000305,	0.000427,	0.997106,	0.000198,
0.000000,	0.000000,	0.994910,	0.000160,
-0.000793,	-0.000427,	0.996618,	0.000198,
0.001159,	0.000915,	0.994910,	0.000198,
0.001220,	-0.000976,	0.996252,	0.000198,
0.002074,	-0.001220,	0.995642,	0.000198,
0.001464,	-0.000061,	0.998631,	0.000206,
-0.000366,	0.000610,	0.996679,	0.000198,
-0.000427,	0.001708,	0.998936,	0.000198,
-0.000244,	-0.000061,	0.998753,	0.000198,
0.001769,	0.000854,	0.997960,	0.000198,
0.000427,	0.000122,	0.998753,	0.000198,
0.000976,	-0.000732,	0.999119,	0.000198,
-0.000671,	-0.000915,	0.995886,	0.000198,
0.001403,	-0.000061,	0.999485,	0.000198,
-0.000122,	0.000610,	0.998326,	0.000198,
0.000976,	0.000122,	0.999790,	0.000206,
-0.001098,	0.000305,	0.996923,	0.000198,
0.000488,	-0.001159,	0.999058,	0.000198,
0.000366,	0.000610,	0.997411,	0.000206,
0.001464,	0.000305,	0.998570,	0.000198,
-0.000183,	0.000061,	0.997716,	0.000198,
-0.001342,	-0.001098,	0.996679,	0.000206,
0.001159,	0.000732,	0.999241,	0.000206,
0.002440,	-0.001342,	0.997167,	0.000198,
0.000915,	0.001464,	0.999973,	0.000198,
0.002013,	0.001403,	0.999180,	0.000198,
0.000976,	-0.002196,	0.999668,	0.000198,
-0.001098,	-0.000549,	1.000095,	0.000198,
-0.000854,	-0.000305,	0.999546,	0.000198,
0.000000,	0.000732,	0.998387,	0.000183,
0.000366,	-0.001281,	0.998387,	0.000206,
-0.001037,	0.000000,	0.997411,	0.000175,
0.000549,	-0.000427,	0.999485,	0.000198,
0.000061,	-0.001281,	0.997411,	0.000198,
0.000671,	0.000854,	1.000156,	0.000198,
-0.000610,	0.001281,	0.998448,	0.000198,
-0.000671,	0.000305,	0.998082,	0.000198,
-0.000488,	0.001281,	0.997533,	0.000198,
0.000000,	0.000122,	0.998021,	0.000183,
0.000366,	-0.000305,	0.998143,	0.000198,
-0.002318,	0.000915,	0.997777,	0.000198,
0.001647,	-0.000183,	0.996374,	0.000198,
-0.000976,	0.000122,	0.998875,	0.000198,
-0.000793,	0.000000,	0.999546,	0.000175,
0.001159,	-0.000122,	0.997838,	0.000198,
0.000671,	0.001708,	0.998326,	0.000198,
0.002135,	0.000854,	0.996191,	0.000198,
-0.000427,	0.000610,	0.997167,	0.000198,
0.000488,	0.000671,	0.999058,	0.000198,
0.000000,	0.002135,	0.998143,	0.000183,
0.001708,	-0.001525,	0.998753,	0.000198,
-0.001220,	0.000915,	0.997899,	0.000198,
-0.000488,	0.000671,	0.998082,	0.000198,
-0.001037,	0.000305,	0.998570,	0.000198,
0.001342,	0.000915,	0.995886,	0.000206,
0.001830,	0.000732,	0.997106,	0.000198,
0.000915,	-0.000244,	0.997716,	0.000198,
0.001281,	-0.000305,	0.996557,	0.000198,
0.000244,	0.001098,	0.997594,	0.000198,
-0.000610,	0.001159,	0.997106,	0.000198,
0.000793,	0.001403,	0.997350,	0.000198,
0.001525,	0.000610,	0.997838,	0.000206,
-0.000549,	0.000671,	0.997411,	0.000198,
-0.001220,	-0.000671,	0.998265,	0.000198,
-0.000305,	0.001098,	0.998082,	0.000206,
0.000549,	0.001220,	0.999973,	0.000198,
-0.002440,	0.001891,	0.999668,	0.000198,
-0.001220,	-0.001525,	0.998692,	0.000198,
-0.000244,	0.000183,	0.999302,	0.000198,
-0.001281,	-0.000488,	0.998265,	0.000198,
0.000183,	-0.001403,	0.998570,	0.000198,
0.000427,	-0.000244,	0.995825,	0.000198,
-0.002135,	-0.000366,	0.997899,	0.000206,
-0.000244,	0.000183,	0.998936,	0.000198,
0.001525,	-0.000305,	0.998936,	0.000198,
0.001159,	0.000244,	0.999485,	0.000198,
-0.000854,	-0.001098,	0.998021,	0.000198,
0.000793,	0.000610,	0.998326,	0.000198,
0.000122,	-0.000061,	0.997655,	0.000198,
0.001159,	0.000732,	0.997655,	0.000198,
-0.000061,	0.000366,	0.998021,	0.000198,
-0.001098,	-0.000366,	0.997289,	0.000198,
0.000549,	0.000122,	0.999302,	0.000198,
-0.000854,	-0.001159,	1.000095,	0.000198,
-0.000671,	-0.000061,	0.998448,	0.000198,
0.000183,	0.000122,	1.001559,	0.000198,
0.000427,	-0.001098,	0.998021,	0.000198,
0.000793,	-0.001342,	0.999058,	0.000198,
0.000305,	-0.000854,	0.998570,	0.000198,
-0.001342,	-0.000061,	0.999485,	0.000198,
-0.001159,	0.000732,	0.998936,	0.000198,
0.001098,	-0.001403,	0.997838,	0.000198,
0.000183,	0.000427,	0.997777,	0.000198,
0.000549,	0.000854,	0.996862,	0.000198,
0.000000,	0.000061,	0.997777,	0.000175,
-0.000122,	-0.000610,	0.997472,	0.000198,
-0.001159,	0.000061,	0.997411,	0.000198,
-0.000915,	-0.000549,	0.998448,	0.000198,
0.000854,	0.001098,	0.997228,	0.000198,
-0.000915,	-0.000549,	0.997716,	0.000198,
-0.001159,	-0.000915,	0.998570,	0.000198,
0.000061,	0.000854,	1.000644,	0.000198,
-0.001159,	-0.002318,	0.999546,	0.000198,
-0.001159,	0.000854,	0.997838,	0.000198,
-0.001098,	-0.000061,	1.000461,	0.000198,
-0.000305,	-0.000122,	0.999607,	0.000198,
0.001647,	0.001098,	0.999119,	0.000206,
0.001037,	0.000244,	0.996191,	0.000198,
-0.000122,	-0.000488,	0.997228,	0.000206,
-0.000854,	0.000427,	0.998631,	0.000198,
-0.000366,	-0.001281,	0.998143,	0.000198,
0.000183,	0.000671,	0.998021,	0.000198,
-0.000610,	0.000793,	0.999668,	0.000206,
-0.000549,	-0.000305,	0.999058,	0.000206,
-0.000061,	0.000183,	0.998814,	0.000198,
0.000122,	-0.000061,	1.000766,	0.000198,
-0.001403,	0.001403,	0.998326,	0.000198,
0.001037,	-0.000671,	0.997838,	0.000198,
0.001586,	0.001159,	0.999424,	0.000191,
0.000732,	0.000915,	0.998448,	0.000198,
-0.000488,	0.001281,	0.999424,	0.000191,
-0.000976,	0.000183,	0.999302,	0.000198,
0.000366,	-0.001281,	0.999546,	0.000198,
-0.000183,	-0.000244,	0.998204,	0.000198,
-0.000183,	-0.000183,	0.997655,	0.000198,
0.000305,	0.000122,	0.998631,	0.000198,
-0.000549,	0.001647,	0.999302,	0.000198,
-0.000305,	-0.000549,	0.998265,	0.000198,
-0.001098,	-0.000610,	0.996557,	0.000198,
-0.000122,	0.000427,	0.998448,	0.000198,
0.001586,	-0.000427,	0.998875,	0.000198,
-0.000732,	-0.001098,	0.999180,	0.000198,
-0.000061,	-0.000488,	1.000522,	0.000198,
0.001159,	-0.000427,	1.000400,	0.000198,
0.001342,	0.000793,	0.999424,	0.000191,
-0.000244,	0.000244,	1.000583,	0.000198,
0.000793,	0.000915,	0.998143,	0.000198,
-0.000488,	-0.000732,	0.999302,	0.000198,
0.000305,	-0.000488,	0.997838,	0.000198,
0.000427,	-0.000793,	0.999302,	0.000198,
0.000061,	-0.002684,	0.998143,	0.000198,
-0.000671,	0.000244,	0.999485,	0.000198,
0.000854,	-0.000305,	0.999546,	0.000206,
0.001342,	-0.000061,	0.998631,	0.000198,
-0.000732,	0.000122,	0.999363,	0.000198,
-0.000305,	-0.000488,	1.000217,	0.000198,
0.000854,	-0.000976,	0.999851,	0.000198,
-0.001220,	0.000244,	1.000034,	0.000198,
-0.002440,	-0.000366,	0.999302,	0.000198,
0.001037,	-0.000915,	0.998631,	0.000183,
0.000854,	0.000610,	0.999912,	0.000198,
0.000610,	0.001098,	0.999180,	0.000198,
0.000549,	-0.001647,	1.000339,	0.000198,
-0.001464,	-0.001037,	1.001071,	0.000198,
-0.001403,	-0.000549,	0.999363,	0.000198,
0.003355,	-0.001037,	0.999302,	0.000198,
-0.000427,	-0.001586,	0.999424,	0.000191,
-0.000610,	0.000976,	0.999729,	0.000206,
0.002501,	-0.001403,	0.998021,	0.000198,
0.000793,	0.001403,	1.000522,	0.000198,
0.000244,	0.000549,	0.999058,	0.000198,
-0.000061,	-0.000793,	1.000583,	0.000206,
-0.000183,	0.002135,	0.999363,	0.000198,
-0.000183,	0.000549,	1.000339,	0.000198,
0.000366,	0.001342,	0.998997,	0.000198,
0.001159,	0.000976,	0.998692,	0.000198,
0.001342,	0.002135,	0.999546,	0.000198,
0.000122,	0.001769,	0.997350,	0.000198,
-0.000122,	-0.000427,	0.999180,	0.000198,
-0.001586,	0.001403,	0.997655,	0.000198,
0.001891,	-0.002623,	0.998875,	0.000198,
-0.000061,	0.000793,	0.997167,	0.000198,
0.001037,	-0.000305,	0.998448,	0.000206,
-0.001159,	-0.000610,	0.997350,	0.000198,
0.001647,	-0.000549,	0.997045,	0.000198,
-0.000793,	0.000610,	0.997716,	0.000198,
-0.000305,	-0.001281,	0.996435,	0.000198,
0.001525,	-0.000671,	0.997716,	0.000198,
0.001159,	-0.000976,	0.997289,	0.000198,
0.001830,	0.000854,	0.998753,	0.000198,
0.001281,	-0.000061,	0.998936,	0.000198,
0.000671,	0.000732,	0.997045,	0.000198,
-0.001159,	-0.001037,	1.000461,	0.000198,
-0.001525,	-0.000793,	0.998936,	0.000198,
0.002440,	-0.001037,	0.998814,	0.000198,
0.000427,	-0.000122,	1.000827,	0.000198,
0.000854,	-0.000915,	0.998570,	0.000206,
0.000488,	0.000427,	0.999180,	0.000198,
0.000854,	0.000793,	0.998753,	0.000206,
-0.001037,	0.000793,	0.996313,	0.000198,
0.000488,	-0.000732,	0.997655,	0.000198,
0.000244,	0.001342,	0.997350,	0.000206,
-0.000183,	-0.001830,	0.996557,	0.000198,
-0.000061,	-0.000122,	0.998875,	0.000198,
0.001708,	-0.000488,	0.998204,	0.000198,
0.000671,	0.000244,	0.999851,	0.000198,
-0.000427,	-0.001098,	1.000888,	0.000198,
0.003172,	-0.000549,	1.001803,	0.000198,
0.000122,	-0.000549,	0.999546,	0.000206,
0.001647,	0.001342,	0.997777,	0.000198,
0.000366,	-0.001647,	0.999912,	0.000198,
-0.000671,	-0.000610,	0.997899,	0.000183,
0.000976,	0.001220,	0.997045,	0.000198,
0.000427,	-0.000061,	0.998387,	0.000198,
-0.002806,	-0.000183,	0.996801,	0.000198,
0.000122,	-0.001464,	0.997777,	0.000198,
-0.000305,	0.000793,	0.999302,	0.000198,
0.001281,	-0.000061,	1.001132,	0.000198,
-0.000732,	-0.000854,	0.999912,	0.000198,
0.000000,	-0.001586,	1.000095,	0.000175,
0.000061,	-0.001098,	0.997594,	0.000198,
0.000183,	-0.000244,	0.998570,	0.000198,
-0.000915,	0.000976,	0.998387,	0.000198,
0.000915,	-0.000122,	1.000278,	0.000206,
-0.000122,	0.000915,	0.999302,	0.000198,
0.000915,	0.000122,	0.996496,	0.000198,
0.001098,	0.001098,	1.000400,	0.000198,
-0.000244,	-0.000305,	0.997167,	0.000191,
0.001403,	0.000976,	0.997594,	0.000198,
-0.000671,	-0.001525,	0.999363,	0.000198,
0.000793,	0.000427,	0.998143,	0.000198,
0.001037,	-0.000732,	0.997838,	0.000198,
-0.000732,	0.001159,	0.998753,	0.000206,
0.002562,	0.000610,	0.998692,	0.000206,
0.000976,	-0.001037,	0.997777,	0.000198,
-0.000244,	0.000427,	0.996740,	0.000198,
-0.001464,	-0.000244,	0.998570,	0.000198,
0.001891,	0.000488,	0.999424,	0.000191,
0.004636,	0.003660,	1.006927,	0.000198,
-0.004148,	-0.002745,	0.999851,	0.000198,
-0.002928,	-0.003782,	0.998997,	0.000198,
0.000610,	0.002318,	1.000339,	0.000206,
-0.001708,	-0.002806,	0.991738,	0.000198,
-0.000061,	-0.002623,	0.995825,	0.000198,
0.005124,	0.005124,	0.996618,	0.000206,
0.006161,	-0.001403,	0.996191,	0.000198,
0.000671,	-0.001281,	0.997228,	0.000198,
-0.000793,	0.000427,	0.999485,	0.000198,
-0.003660,	-0.004148,	0.998997,	0.000206,
-0.001037,	0.000000,	0.998448,	0.000175,
-0.003965,	0.000610,	0.998936,	0.000198,
-0.000122,	0.000610,	1.001193,	0.000198,
0.002501,	-0.000122,	0.998753,	0.000198,
0.005246,	0.000427,	0.998631,	0.000206,
0.003782,	0.001830,	0.999363,	0.000198,
-0.000610,	-0.002318,	0.999607,	0.000198,
-0.002989,	-0.000793,	0.997106,	0.000206,
-0.003660,	-0.000061,	0.998265,	0.000198,
0.000732,	-0.000061,	0.997899,	0.000198,
0.000488,	-0.000122,	0.996801,	0.000198,
0.000976,	0.002928,	0.996984,	0.000198,
0.004148,	0.002135,	0.997289,	0.000198,
0.002684,	-0.000305,	0.996130,	0.000198,
-0.000854,	-0.000732,	0.998814,	0.000198,
-0.003843,	0.000488,	0.998570,	0.000198,
-0.003416,	-0.001830,	0.999912,	0.000198,
-0.001098,	-0.001037,	0.997289,	0.000198,
0.000244,	-0.000183,	0.999119,	0.000198,
0.001037,	-0.000183,	0.998692,	0.000198,
0.005185,	0.001403,	0.999180,	0.000198,
0.002562,	0.002379,	0.999058,	0.000198,
-0.001403,	-0.000854,	0.999424,	0.000198,
0.000061,	-0.001891,	0.999241,	0.000198,
-0.001708,	-0.000305,	0.999119,	0.000206,
-0.003721,	-0.000671,	0.998204,	0.000198,
-0.000610,	-0.002196,	0.998143,	0.000198,
0.002623,	0.001403,	0.999241,	0.000198,
0.005307,	0.001525,	0.998143,	0.000198,
0.001769,	0.000488,	0.997716,	0.000198,
0.000549,	0.000671,	0.998631,	0.000198,
-0.001098,	-0.000854,	0.999058,	0.000198,
-0.002745,	-0.000671,	0.998936,	0.000198,
-0.001342,	-0.002501,	0.998997,	0.000198,
-0.001830,	0.001891,	0.995581,	0.000198,
0.000061,	0.000488,	0.999363,	0.001198,
0.000244,	-0.000061,	0.997045,	0.000191,
0.002135,	0.000854,	0.999058,	0.000206,
0.000305,	0.000671,	0.998204,	0.000198,
-0.002379,	-0.001281,	1.000827,	0.000206,
-0.001342,	-0.000488,	0.999546,	0.000198,
-0.002745,	-0.000427,	0.999058,	0.000198,
-0.001098,	-0.000305,	0.996984,	0.000206,
0.001098,	0.003233,	0.997777,	0.000198,
0.002562,	0.000732,	0.999302,	0.000198,
-0.000122,	0.000549,	0.999363,	0.000198,
0.002196,	0.000610,	0.996374,	0.000198,
0.001037,	-0.000305,	0.998021,	0.000198,
-0.002196,	-0.000610,	0.996496,	0.000198,
-0.001769,	-0.001830,	0.996435,	0.000198,
-0.003782,	-0.001342,	0.997960,	0.000198,
0.000122,	0.001098,	0.998448,	0.000198,
0.001525,	0.000854,	0.996923,	0.000198,
0.002013,	-0.000671,	0.998509,	0.000198,
0.001464,	-0.000366,	0.998875,	0.000198,
-0.001586,	-0.000488,	0.998326,	0.000198,
-0.001891,	-0.001647,	0.998204,	0.000198,
-0.002013,	-0.000915,	0.997899,	0.000198,
-0.001098,	-0.001708,	0.996496,	0.000198,
-0.000183,	-0.000549,	0.998143,	0.000198,
-0.000610,	0.001098,	1.000339,	0.000191,
0.001586,	0.002013,	0.998387,	0.000206,
0.001708,	-0.000610,	0.999973,	0.000198,
0.001708,	0.000122,	0.999241,	0.000198,
-0.003172,	-0.003355,	0.998753,	0.000198,
-0.001952,	-0.001281,	1.000156,	0.000198,
-0.000732,	-0.002257,	0.998753,	0.000198,
-0.002257,	-0.000610,	0.995520,	0.000206,
0.000488,	-0.001708,	1.000217,	0.000198,
0.001708,	0.001952,	0.997594,	0.000198,
0.001220,	0.001647,	0.999424,	0.000191,
-0.001647,	-0.001281,	0.996069,	0.000198,
-0.003111,	0.000183,	0.997899,	0.000198,
0.000244,	-0.001586,	0.997472,	0.000198,
-0.000793,	-0.002684,	0.999668,	0.000198,
0.000488,	-0.000183,	0.997655,	0.000198,
0.002257,	0.000366,	0.999546,	0.000198,
0.003416,	0.001281,	0.998021,	0.000198,
0.002745,	0.000305,	0.997838,	0.000198,
0.000549,	0.001586,	0.999363,	0.000198,
-0.001586,	-0.001891,	0.998509,	0.000198,
-0.002257,	-0.000549,	0.999241,	0.000206,
-0.000793,	-0.000549,	0.999363,	0.000198,
-0.000244,	0.000061,	0.999790,	0.000191,
0.001098,	-0.000122,	0.999546,	0.000198,
0.001830,	-0.000976,	0.998143,	0.000198,
0.000976,	0.000732,	0.999119,	0.000198,
0.000488,	-0.000915,	0.997777,	0.000198,
-0.000244,	-0.000305,	0.996557,	0.000198,
-0.000305,	-0.001647,	0.998082,	0.000206,
-0.000732,	-0.002745,	0.999790,	0.000198,
-0.000427,	-0.002501,	0.997533,	0.000198,
0.000854,	-0.000061,	0.998448,	0.000198,
0.000183,	0.001037,	0.998936,	0.000198,
0.001586,	0.001647,	1.000644,	0.000198,
0.000610,	0.000915,	0.998631,	0.000198,
-0.001098,	-0.001342,	0.996557,	0.000206,
-0.000732,	-0.000427,	0.998143,	0.000206,
-0.003294,	-0.000488,	0.998204,	0.000198,
-0.002989,	-0.002074,	0.997350,	0.000198,
-0.002013,	0.000488,	0.998692,	0.000198,
0.000488,	-0.001647,	0.998814,	0.000206,
0.001830,	0.000793,	0.998570,	0.000198,
0.000488,	0.000549,	1.000766,	0.000198,
-0.002074,	0.000305,	0.996496,	0.000198,
-0.002074,	-0.002135,	0.998570,	0.000206,
-0.000488,	-0.001891,	0.998509,	0.000198,
-0.002379,	-0.001403,	1.000888,	0.000198,
0.001403,	0.000000,	0.999546,	0.000183,
0.001281,	0.000000,	0.998143,	0.000175,
0.002074,	0.000183,	0.997716,	0.000198,
-0.000854,	0.000793,	1.000705,	0.000198,
0.000061,	0.001037,	0.998814,	0.000198,
0.000305,	0.001952,	0.998082,	0.000198,
-0.001891,	-0.001769,	0.998021,	0.000198,
-0.001647,	-0.002257,	0.998875,	0.000198,
-0.000732,	-0.000915,	0.997350,	0.000206,
-0.000305,	-0.001708,	0.999302,	0.000198,
0.002318,	-0.000305,	0.998509,	0.000198,
0.001037,	0.001525,	0.996984,	0.000198,
0.001525,	-0.000061,	0.999363,	0.000198,
-0.000793,	-0.000793,	0.999302,	0.000198,
-0.000610,	-0.000305,	0.998021,	0.000206,
-0.001342,	0.000793,	1.000339,	0.000198,
0.001464,	-0.000549,	0.998936,	0.000198,
0.001220,	0.000122,	0.998936,	0.000198,
0.000549,	-0.000061,	0.996862,	0.000191,
0.001525,	0.000915,	0.999729,	0.000198,
-0.001220,	-0.000244,	0.997716,	0.000198,
-0.001769,	-0.000122,	0.996801,	0.000198,
0.000488,	-0.001586,	0.998692,	0.000198,
-0.002745,	-0.001525,	0.996801,	0.000198,
-0.000366,	0.000366,	0.997350,	0.000198,
0.002501,	-0.000122,	0.998509,	0.000206,
0.001525,	-0.000244,	0.998021,	0.000198,
-0.000671,	-0.000549,	0.998204,	0.000198,
-0.000488,	-0.000122,	0.997472,	0.000198,
-0.000549,	0.000549,	1.000156,	0.000198,
-0.000793,	0.001891,	0.996069,	0.000198,
-0.001769,	-0.000488,	0.997472,	0.000198,
-0.001708,	-0.000427,	0.998814,	0.000198,
0.001586,	-0.000122,	0.998814,	0.000198,
0.000854,	-0.000366,	0.999119,	0.000198,
0.003111,	-0.001220,	0.999363,	0.000198,
0.001037,	0.000915,	0.999668,	0.000198,
-0.001342,	0.001342,	0.997350,	0.000206,
-0.000671,	-0.001525,	0.998265,	0.000198,
-0.002257,	-0.000061,	0.999119,	0.000198,
0.000366,	-0.000305,	0.998082,	0.000198,
-0.001464,	0.000244,	0.997655,	0.000198,
0.001647,	0.000976,	0.998265,	0.000198,
0.000122,	0.000366,	0.998204,	0.000198,
0.000305,	-0.000122,	0.998021,	0.000206,
-0.000183,	-0.000122,	0.998143,	0.000198,
-0.001464,	-0.000183,	0.997838,	0.000198,
-0.000915,	-0.000732,	0.996069,	0.000198,
0.000000,	-0.002013,	0.996618,	0.000183,
-0.002135,	0.000122,	0.996496,	0.000198,
0.000976,	0.000488,	0.998387,	0.000206,
0.002318,	0.001586,	0.996191,	0.000198,
-0.000976,	0.000061,	0.998143,	0.000198,
-0.001220,	-0.001037,	0.996801,	0.000198,
0.000732,	-0.000427,	1.000705,	0.000198,
-0.001525,	-0.001952,	0.997838,	0.000198,
0.000122,	-0.000854,	0.998631,	0.000198,
-0.000915,	-0.001037,	0.998509,	0.000198,
0.000366,	0.000549,	0.998021,	0.000198,
0.002013,	-0.000549,	0.998448,	0.000198,
0.001037,	0.000854,	0.997716,	0.000198,
0.002745,	0.000549,	0.999851,	0.000198,
-0.000488,	0.000793,	0.998082,	0.000198,
0.000305,	0.000244,	1.000644,	0.000198,
0.000854,	0.000305,	0.997411,	0.000198,
0.001647,	-0.000305,	0.998387,	0.000198,
0.001769,	-0.000549,	0.997777,	0.000198,
0.001952,	-0.000854,	0.996496,	0.000198,
-0.000183,	-0.000366,	0.999119,	0.000198,
0.000183,	-0.000366,	0.997655,	0.000198,
-0.002318,	-0.000183,	0.999180,	0.000198,
-0.000183,	0.000305,	0.998021,	0.000198,
-0.000183,	-0.002196,	0.999424,	0.000198,
0.000244,	0.000549,	0.997838,	0.000198,
0.001403,	-0.000793,	0.999180,	0.000198,
-0.000915,	-0.000488,	0.997655,	0.000198,
0.001342,	-0.001037,	0.997533,	0.000198,
-0.001220,	-0.002074,	0.997045,	0.000198,
-0.001525,	0.001281,	0.998814,	0.000198,
0.000549,	0.000610,	0.998326,	0.000198,
-0.001464,	-0.000122,	0.998204,	0.000206,
-0.000549,	-0.001647,	0.998570,	0.000198,
0.001220,	-0.001464,	0.997777,	0.000198,
0.001464,	-0.001403,	0.998204,	0.000198,
0.000000,	-0.000671,	0.999424,	0.000183,
0.001952,	-0.000732,	0.998753,	0.000198,
-0.002562,	-0.000549,	1.000827,	0.000198,
0.001464,	0.000488,	0.998814,	0.000198,
-0.001220,	0.000305,	0.996374,	0.000198,
0.000488,	-0.001891,	0.999302,	0.000198,
0.000732,	0.000183,	0.998265,	0.000206,
0.000000,	0.000122,	0.997594,	0.000183,
-0.000366,	0.001220,	0.997594,	0.000198,
0.001159,	0.000549,	0.998204,	0.000198,
0.000366,	0.000549,	0.999119,	0.000198,
-0.001403,	0.000122,	0.996923,	0.000198,
-0.001342,	0.000488,	0.997716,	0.000198,
0.000427,	-0.001830,	0.998997,	0.000198,
0.002501,	-0.000671,	0.999119,	0.000198,
-0.000854,	-0.000915,	0.999119,	0.000198,
0.001586,	-0.001525,	1.000400,	0.000198,
0.000732,	-0.001769,	0.999241,	0.000198,
-0.000488,	-0.001220,	0.999790,	0.000198,
0.002074,	-0.001525,	0.998265,	0.000198,
-0.000183,	-0.000732,	0.999424,	0.000198,
-0.000183,	-0.000061,	0.999729,	0.000198,
0.000793,	-0.000122,	0.997899,	0.000206,
0.000549,	-0.000061,	0.997838,	0.000198,
0.000793,	-0.001952,	0.998753,	0.000198,
-0.000427,	0.000488,	0.997350,	0.000198,
-0.001281,	-0.000183,	0.998204,	0.000198,
-0.000976,	0.000610,	0.998448,	0.000198,
-0.000732,	-0.000427,	0.997899,	0.000198,
-0.001342,	0.000427,	0.996313,	0.000206,
0.001281,	-0.000732,	0.996740,	0.000198,
-0.000244,	0.001037,	0.998082,	0.000198,
0.000610,	0.000488,	0.995825,	0.000198,
0.001403,	0.001281,	0.995093,	0.000198,
0.000122,	-0.001281,	0.997411,	0.000198,
0.001098,	-0.000549,	0.998631,	0.000198,
0.000427,	-0.000549,	0.998387,	0.000198,
0.000793,	-0.000427,	0.996374,	0.000198,
0.000610,	-0.000183,	0.997655,	0.000198,
0.000549,	0.000610,	0.997106,	0.000198,
0.000366,	0.000061,	0.998692,	0.000198,
0.000122,	-0.001647,	0.999241,	0.000198,
0.000793,	0.001952,	0.996374,	0.000198,
-0.000793,	-0.000610,	0.996740,	0.000206,
0.002074,	-0.000122,	0.998692,	0.000198,
0.000854,	0.002013,	0.998021,	0.000198,
-0.000122,	-0.000244,	0.997411,	0.000198,
0.000793,	-0.000183,	0.997045,	0.000198,
0.000305,	-0.000549,	0.997411,	0.000198,
0.000244,	0.000366,	0.998326,	0.000198,
-0.001464,	0.001098,	0.996313,	0.000198,
0.000122,	-0.001159,	0.997472,	0.000198,
0.000000,	0.001159,	0.995886,	0.000198,
0.000000,	0.000061,	0.997106,	0.000175,
0.000122,	0.000854,	0.997167,	0.000198,
0.000610,	0.001159,	0.997960,	0.000198,
0.000976,	0.000732,	0.998143,	0.000198,
0.000244,	0.000427,	0.998814,	0.000198,
0.002196,	0.001464,	0.995703,	0.000198,
-0.000366,	-0.000854,	0.998570,	0.000198,
-0.000305,	-0.001586,	0.995520,	0.000206,
0.000488,	0.000244,	0.995886,	0.000206,
0.000732,	-0.000671,	0.996923,	0.000206,
0.000000,	-0.001037,	0.997411,	0.000183,
0.000305,	-0.000488,	0.997350,	0.000198,
0.001098,	-0.000061,	0.997594,	0.000198,
0.000183,	0.000244,	0.997838,	0.000198,
0.000244,	0.000244,	0.997899,	0.000198,
0.001220,	-0.000488,	0.997533,	0.000198,
-0.002440,	0.000244,	0.997411,	0.000198,
0.002623,	0.000244,	0.996557,	0.000198,
-0.001525,	-0.000732,	0.998448,	0.000198,
0.000793,	-0.001159,	0.996130,	0.000198,
0.001342,	-0.000366,	0.999180,	0.000198,
0.001403,	-0.000854,	0.998875,	0.000198,
0.001037,	0.000000,	0.997350,	0.000183,
-0.001525,	-0.001037,	0.996740,	0.000198,
-0.000915,	-0.001403,	0.995581,	0.000198,
0.002196,	-0.000305,	0.997106,	0.000198,
0.000915,	-0.001586,	0.996313,	0.000198,
0.002196,	-0.000244,	0.996740,	0.000198,
0.000854,	0.001281,	0.995947,	0.000198,
0.000000,	-0.001220,	0.996069,	0.000183,
-0.000061,	0.000183,	0.997899,	0.000191,
-0.001525,	-0.000305,	0.996801,	0.000198,
-0.000549,	-0.001037,	0.997350,	0.000198,
0.000244,	-0.000366,	0.996435,	0.000198,
0.001464,	-0.000427,	0.998265,	0.000198,
0.000427,	0.000122,	0.997228,	0.000206,
0.001830,	-0.000061,	0.998692,	0.000198,
0.000671,	-0.000915,	0.999058,	0.000198,
0.001037,	-0.000122,	0.997411,	0.000198,
-0.001159,	-0.000915,	1.000766,	0.000198,
-0.000915,	0.000854,	0.998875,	0.000198,
0.001037,	-0.000183,	0.999729,	0.000198,
0.000976,	-0.000549,	0.999180,	0.000206,
-0.000122,	0.000061,	0.998631,	0.000198,
0.000488,	0.000122,	0.999180,	0.000198,
-0.000122,	-0.001830,	1.000583,	0.000198,
-0.000122,	0.000000,	0.995764,	0.000183,
-0.000183,	0.000366,	0.998448,	0.000206,
0.000488,	0.001342,	0.994117,	0.000198,
0.000000,	0.000122,	0.996801,	0.000183,
-0.000122,	0.000061,	0.997228,	0.000191,
0.000793,	0.000000,	0.995764,	0.000183,
0.001098,	-0.001403,	0.999302,	0.000198,
0.001952,	-0.000427,	0.998448,	0.000198,
0.000915,	-0.000915,	0.998570,	0.000198,
0.001891,	0.000488,	0.997838,	0.000198,
-0.002257,	0.002684,	0.996008,	0.000198,
-0.000366,	0.000061,	0.996984,	0.000198,
-0.001525,	0.001830,	0.996679,	0.000198,
0.001220,	-0.000671,	0.998692,	0.000198,
-0.000305,	0.000122,	0.998570,	0.000198,
-0.000122,	-0.000061,	0.999729,	0.000198,
0.000671,	-0.000061,	0.998448,	0.000198,
0.000732,	0.000244,	0.999424,	0.000191,
0.001220,	-0.000732,	0.998082,	0.000198,
-0.000610,	-0.001342,	0.998631,	0.000198,
0.001647,	0.000122,	0.998814,	0.000198,
0.000549,	-0.001586,	0.998082,	0.000198,
0.001281,	-0.000976,	0.997777,	0.000198,
0.000366,	-0.000488,	0.997655,	0.000198,
0.000793,	0.000183,	0.997167,	0.000198,
0.001037,	-0.001342,	0.997960,	0.000198,
-0.001647,	-0.001525,	0.999912,	0.000198,
0.000976,	-0.000671,	0.999485,	0.000198,
0.001037,	-0.000244,	0.996984,	0.000198,
0.000183,	-0.000732,	1.000583,	0.000198,
0.001159,	0.002074,	0.997289,	0.000206,
0.000610,	0.000671,	0.998692,	0.000206,
-0.000305,	0.000610,	0.999241,	0.000198,
0.002257,	-0.000122,	0.998997,	0.000183,
-0.000488,	0.000000,	1.000461,	0.000183,
-0.001037,	0.014579,	0.999851,	0.000198,
0.000732,	-0.000244,	0.998509,	0.000198,
-0.000488,	0.000061,	0.998326,	0.000198,
0.001281,	0.000610,	0.999851,	0.000198,
-0.000366,	0.000061,	0.998387,	0.000191,
-0.001220,	0.001220,	0.998387,	0.000198,
-0.000610,	-0.000610,	0.999668,	0.000206,
-0.001159,	-0.000366,	0.998021,	0.000198,
0.000793,	-0.000061,	0.998753,	0.000198,
-0.001830,	-0.000305,	0.998631,	0.000206,
-0.000610,	-0.000122,	1.001071,	0.000198,
0.001098,	-0.000549,	0.999180,	0.000198,
-0.000793,	0.000427,	0.999424,	0.000198,
0.000427,	-0.001159,	0.998692,	0.000198,
-0.000549,	-0.000244,	0.999363,	0.000198,
0.000122,	-0.001098,	1.000400,	0.000198,
-0.002684,	-0.000732,	1.000888,	0.000198,
-0.000183,	-0.001037,	0.999851,	0.000206,
-0.003111,	-0.001037,	0.999851,	0.000198,
-0.002501,	-0.001464,	0.999424,	0.000191,
0.001769,	0.000122,	0.997106,	0.000198,
-0.000915,	0.000915,	0.999546,	0.000198,
-0.000183,	-0.001708,	0.998204,	0.000198,
-0.001220,	-0.000305,	1.000217,	0.000198,
-0.000915,	0.000122,	0.999790,	0.000198,
0.002379,	-0.002074,	0.999119,	0.000198,
-0.000488,	-0.000976,	1.000705,	0.000198,
0.000305,	-0.000793,	0.998631,	0.000198,
-0.000366,	-0.000122,	0.998875,	0.000198,
0.000183,	-0.000427,	0.997899,	0.000198,
-0.000976,	-0.001281,	1.000095,	0.000198,
0.000671,	-0.000488,	0.997594,	0.000198,
0.000183,	-0.000488,	0.998387,	0.000198,
0.000671,	-0.000305,	0.998875,	0.000198,
0.000183,	-0.000549,	0.998509,	0.000206,
0.001708,	-0.000305,	0.998814,	0.000206,
-0.001342,	0.000366,	0.998204,	0.000198,
-0.000244,	-0.000915,	0.998387,	0.000198,
-0.000061,	-0.000549,	0.998570,	0.000198,
-0.000854,	-0.000976,	0.998448,	0.000198,
0.000122,	-0.000305,	0.998509,	0.000198,
0.000183,	-0.000061,	0.999058,	0.000198,
0.000366,	0.001464,	0.997228,	0.000198,
-0.000122,	0.000061,	0.998387,	0.000198,
0.000854,	0.001525,	0.998936,	0.000198,
0.000366,	0.000488,	0.999485,	0.000198,
-0.000976,	0.000915,	0.997777,	0.000198,
0.000244,	0.002257,	0.999424,	0.000191,
-0.000671,	0.001647,	0.998326,	0.000206,
-0.000549,	-0.000732,	0.998387,	0.000198,
-0.001342,	0.000793,	0.997594,	0.000198,
-0.000793,	-0.001464,	0.998265,	0.000198,
0.002623,	-0.000671,	0.996679,	0.000198,
0.001159,	-0.001891,	0.998570,	0.000198,
0.001037,	0.000793,	0.998265,	0.000198,
-0.002318,	0.000122,	0.997350,	0.000198,
-0.000305,	0.000549,	0.998143,	0.000198,
-0.001281,	0.000244,	0.996313,	0.000198,
-0.000915,	0.000610,	0.998753,	0.000198,
0.002074,	0.000671,	0.998997,	0.000198,
0.000854,	0.000122,	0.998204,	0.000198,
0.000305,	-0.001281,	0.996008,	0.000198,
0.000122,	0.001098,	0.996618,	0.000198,
0.001220,	0.001586,	0.995886,	0.000198,
0.001952,	0.001403,	0.997716,	0.000198,
-0.000610,	0.000183,	0.996923,	0.000198,
0.000366,	-0.000549,	0.997045,	0.000198,
0.000732,	0.000122,	0.996618,	0.000206,
-0.000427,	0.000366,	0.998570,	0.000198,
-0.000061,	0.000915,	0.999363,	0.000198,
0.000793,	-0.001281,	0.998143,	0.000198,
-0.000427,	-0.000549,	0.999119,	0.000198,
0.000000,	0.001464,	0.996984,	0.000183,
0.000061,	0.000366,	0.998509,	0.000191,
0.000000,	-0.000549,	0.998936,	0.000183,
0.000671,	0.000305,	0.997045,	0.000206,
0.000061,	-0.000122,	0.997777,	0.000198,
0.001647,	0.000793,	0.997106,	0.000206,
-0.001281,	-0.001220,	0.997228,	0.000198,
-0.000061,	0.000244,	0.997533,	0.000191,
-0.000244,	0.000061,	0.997533,	0.000198,
0.000610,	-0.000366,	0.996984,	0.000198,
0.000793,	-0.001159,	0.998326,	0.000198,
0.001403,	0.001586,	0.998326,	0.000198,
-0.000366,	-0.000122,	0.997167,	0.000198,
-0.000427,	-0.000488,	0.999119,	0.000198,
-0.000061,	-0.001830,	0.998204,	0.000198,
-0.000549,	-0.000793,	0.998021,	0.000198,
-0.000366,	0.000854,	0.996374,	0.000198,
0.001586,	-0.000732,	0.996130,	0.000206,
0.000183,	0.000732,	0.996862,	0.000198,
-0.001647,	0.000183,	0.996984,	0.000198,
0.000061,	0.001159,	0.998143,	0.000198,
0.000976,	-0.000915,	0.998265,	0.000198,
-0.000732,	-0.000610,	0.995703,	0.000198,
0.000061,	0.000000,	0.997167,	0.000183,
-0.000793,	0.000305,	0.998570,	0.000198,
0.000610,	-0.000122,	0.998021,	0.000198,
0.002440,	0.001281,	0.995642,	0.000198,
0.000671,	-0.001220,	0.996984,	0.000206,
0.000915,	-0.000671,	0.996679,	0.000198,
-0.000488,	0.002074,	0.997045,	0.000198,
0.001159,	-0.000610,	0.996130,	0.000198,
-0.001525,	0.000061,	0.996923,	0.000183,
0.001586,	-0.000305,	0.996313,	0.000198,
-0.000488,	0.001891,	0.996862,	0.000198,
-0.000488,	-0.000793,	0.996801,	0.000198,
0.000793,	0.000732,	0.998753,	0.000206,
0.002562,	0.000183,	0.996435,	0.000206,
-0.001281,	-0.000915,	0.999790,	0.000198,
0.000671,	0.001037,	0.996679,	0.000198,
-0.000549,	-0.001098,	0.998204,	0.000198,
0.000305,	-0.000305,	0.997106,	0.000198,
0.001708,	-0.000366,	0.997472,	0.000198,
0.000854,	0.001891,	0.996557,	0.000198,
0.001281,	-0.000061,	0.997045,	0.000198,
-0.000122,	-0.000305,	0.997472,	0.000198,
0.001037,	-0.000793,	0.997289,	0.000198,
0.001037,	0.000305,	0.998448,	0.000198,
0.001098,	0.000732,	0.996862,	0.000198,
-0.001403,	-0.000183,	0.997411,	0.000198,
0.001525,	0.000427,	0.997289,	0.000198,
0.001098,	0.000854,	0.996740,	0.000198,
-0.000915,	0.000122,	0.997716,	0.000198,
0.000122,	0.002684,	0.997411,	0.000198,
-0.000305,	0.000061,	0.998936,	0.000191,
-0.000122,	-0.000366,	0.998448,	0.000198,
-0.000061,	0.001098,	0.998387,	0.000198,
0.000854,	-0.000549,	0.998387,	0.000198,
-0.000427,	0.000915,	0.999363,	0.000198,
-0.001525,	0.001769,	0.998387,	0.000198,
0.002135,	-0.000488,	0.997533,	0.000214,
-0.001037,	0.000061,	0.996618,	0.000198,
-0.000366,	0.000366,	0.998021,	0.000198,
-0.000305,	0.001281,	0.995947,	0.000198,
-0.000915,	-0.000793,	0.997533,	0.000206,
-0.000732,	0.002074,	0.997655,	0.000198,
-0.000427,	-0.000915,	0.998875,	0.000198,
0.001891,	-0.000610,	0.996496,	0.000198,
0.001281,	0.000488,	0.997411,	0.000198,
0.000549,	0.001220,	0.997594,	0.000198,
0.001159,	-0.000122,	0.997167,	0.000206,
0.001525,	0.000427,	0.996618,	0.000198,
-0.001220,	-0.000305,	0.998204,	0.000206,
-0.001403,	0.000061,	0.997594,	0.000198,
0.001281,	-0.000061,	0.997411,	0.000198,
0.001098,	0.001403,	0.995947,	0.000198,
-0.000061,	0.001037,	0.995215,	0.000198,
-0.000366,	0.001342,	0.995886,	0.000198,
0.000244,	-0.000122,	0.996923,	0.000198,
-0.000671,	-0.000793,	0.994544,	0.000198,
-0.002196,	0.001586,	0.996130,	0.000198,
-0.001281,	0.000122,	0.997289,	0.000198,
-0.000122,	0.001037,	0.996374,	0.000206,
0.000366,	-0.001281,	0.996252,	0.000198,
-0.000061,	0.000427,	0.997716,	0.000191,
0.001586,	-0.001769,	0.996557,	0.000198,
-0.001464,	-0.001159,	0.997716,	0.000206,
0.000244,	-0.001708,	0.998143,	0.000198,
-0.001586,	-0.001769,	0.997472,	0.000198,
-0.001830,	0.000244,	0.998570,	0.000198,
0.000305,	0.000427,	0.997472,	0.000198,
0.001220,	0.001403,	0.998509,	0.000198,
0.000427,	-0.000183,	0.998143,	0.000198,
0.000122,	-0.002013,	0.997655,	0.000198,
-0.000915,	0.000061,	0.997045,	0.000198,
0.002257,	0.001342,	1.000583,	0.000198,
0.000732,	0.002440,	0.995764,	0.000198,
-0.000976,	-0.001952,	0.998448,	0.000198,
0.000976,	0.000183,	0.998631,	0.000198,
0.000000,	-0.001281,	0.997167,	0.000183,
-0.001708,	-0.000122,	0.996801,	0.000198,
0.000610,	-0.001647,	0.998631,	0.000198,
0.000061,	0.000183,	0.996496,	0.000198,
-0.001281,	0.000366,	0.998509,	0.000198,
-0.002257,	0.000244,	0.995825,	0.000198,
0.000549,	-0.000732,	0.997838,	0.000198,
-0.000793,	-0.000610,	0.997960,	0.000198,
-0.000427,	-0.000610,	0.998021,	0.000198,
0.000305,	0.000061,	0.996313,	0.000198,
-0.001464,	-0.000854,	0.997838,	0.000206,
-0.000366,	0.002013,	0.995337,	0.000198,
-0.000244,	-0.001647,	0.998753,	0.000198,
-0.000549,	0.001525,	0.995398,	0.000198,
0.001159,	-0.000610,	0.997106,	0.000206,
0.000488,	-0.000671,	0.996557,	0.000198,
0.000915,	-0.000793,	0.998204,	0.000198,
0.000244,	-0.000122,	0.996191,	0.000198,
-0.000488,	-0.000793,	0.997655,	0.000198,
-0.000549,	0.000610,	0.997655,	0.000198,
0.001464,	-0.000488,	0.998753,	0.000198,
-0.000610,	0.000183,	0.997228,	0.000198,
-0.000793,	0.000000,	0.998265,	0.000175,
-0.001586,	0.001830,	0.998753,	0.000206,
0.000732,	0.000793,	0.998814,	0.000206,
-0.000549,	-0.000671,	0.998143,	0.000198,
0.000305,	0.000061,	0.998326,	0.000198,
0.001037,	-0.000793,	0.998021,	0.000198,
-0.000488,	-0.001098,	0.998204,	0.000198,
0.002013,	-0.001342,	0.997777,	0.000198,
0.000854,	0.001281,	0.998509,	0.000198,
-0.001342,	-0.000122,	0.996740,	0.000198,
-0.001586,	0.000305,	0.997960,	0.000206,
0.000122,	0.000732,	0.998326,	0.000198,
0.000183,	0.001403,	0.995520,	0.000198,
0.001037,	-0.000427,	0.998814,	0.000198,
-0.000244,	0.000488,	0.996435,	0.000198,
-0.000122,	-0.000610,	0.998021,	0.000198,
0.000122,	0.000183,	0.996557,	0.000206,
0.002745,	-0.000122,	1.000827,	0.000198,
0.000244,	-0.000122,	0.997106,	0.000198,
0.001037,	0.000549,	1.000034,	0.000198,
-0.000610,	0.000854,	0.997655,	0.000198,
-0.000671,	-0.001220,	0.997838,	0.000198,
0.000854,	-0.001342,	0.999241,	0.000206,
0.000427,	-0.000854,	0.997777,	0.000198,
-0.000366,	0.001525,	0.997045,	0.000206,
0.000793,	-0.000183,	0.997594,	0.000198,
-0.000244,	-0.000976,	0.997838,	0.000198,
0.000488,	0.000061,	0.997350,	0.000191,
0.000854,	0.000305,	0.998204,	0.000198,
0.001769,	0.000488,	0.998570,	0.000198,
-0.000793,	0.000000,	0.998448,	0.000183,
-0.000915,	-0.000854,	0.999180,	0.000198,
0.001403,	0.000000,	0.996496,	0.000183,
-0.000671,	0.001647,	0.998387,	0.000198,
0.000000,	0.001342,	0.997533,	0.000183,
0.001464,	-0.001098,	0.999607,	0.000198,
-0.001098,	0.001281,	0.998387,	0.000206,
0.000366,	0.000671,	0.996679,	0.000198,
-0.000915,	0.000793,	0.996984,	0.000198,
0.000488,	0.000000,	0.997350,	0.000175,
-0.000427,	0.001891,	0.998509,	0.000198,
0.002135,	0.000854,	0.999058,	0.000198,
0.001220,	0.001586,	0.996862,	0.000198,
-0.001830,	0.000427,	0.996618,	0.000206,
0.001403,	0.000183,	0.997899,	0.000198,
0.000793,	0.000183,	0.998997,	0.000198,
-0.000244,	-0.000244,	0.995703,	0.000206,
-0.002379,	0.000366,	0.998021,	0.000198,
-0.000122,	0.001281,	0.997411,	0.000198,
-0.000305,	-0.001098,	0.995764,	0.000198,
0.000549,	0.001342,	0.997716,	0.000198,
0.000549,	0.000488,	0.998143,	0.000198,
0.001037,	-0.001281,	0.997106,	0.000198,
-0.000488,	0.000305,	1.000461,	0.000198,
0.000183,	0.000427,	0.998082,	0.000198,
-0.000488,	-0.000671,	0.996252,	0.000198,
-0.000305,	0.000915,	0.997899,	0.000198,
-0.000122,	0.000427,	0.998387,	0.000198,
0.000122,	0.001098,	0.998936,	0.000198,
-0.001586,	0.000183,	0.999058,	0.000198,
0.000122,	0.000976,	0.996862,	0.000198,
0.000671,	0.000549,	0.996008,	0.000198,
0.002013,	-0.000610,	0.997533,	0.000198,
-0.001281,	-0.001403,	0.998875,	0.000198,
0.001708,	-0.000671,	0.999485,	0.000198,
-0.001525,	-0.000183,	0.998753,	0.000198,
0.000793,	0.000976,	0.997167,	0.000198,
-0.000122,	-0.001220,	0.998204,	0.000206,
0.000427,	0.000061,	0.999729,	0.000198,
0.001220,	-0.000183,	0.998509,	0.000198,
-0.000366,	-0.001586,	0.998692,	0.000206,
-0.000915,	-0.000427,	0.998143,	0.000198,
0.000366,	0.002562,	0.997228,	0.000198,
-0.001525,	0.000122,	0.997472,	0.000198,
0.001647,	-0.000854,	0.996740,	0.000198,
0.000305,	0.000427,	0.996679,	0.000198,
0.000610,	0.002074,	0.997716,	0.000206,
-0.000671,	0.000000,	0.997167,	0.000183,
0.001464,	-0.000976,	0.997716,	0.000198,
0.001708,	0.000549,	0.997472,	0.000198,
-0.000305,	0.000671,	0.996313,	0.000198,
0.002318,	0.000183,	0.997167,	0.000198,
-0.001708,	0.001708,	0.998509,	0.000206,
0.000183,	-0.000244,	0.997167,	0.000198,
0.000000,	0.001098,	0.997960,	0.000183,
0.001525,	0.000488,	0.997228,	0.000198,
-0.000488,	-0.000183,	0.997106,	0.000198,
0.001403,	-0.002196,	0.998204,	0.000198,
-0.000610,	-0.000976,	0.999424,	0.000198,
0.000549,	0.000305,	0.998143,	0.000198,
-0.000366,	0.000610,	0.998082,	0.000198,
-0.000061,	-0.000610,	0.998753,	0.000191,
-0.000671,	-0.001342,	0.998204,	0.000206,
0.000244,	0.002196,	1.000400,	0.000206,
0.001098,	0.000244,	0.998448,	0.000198,
-0.000610,	-0.001647,	0.999729,	0.000198,
-0.001098,	0.001525,	0.998204,	0.000198,
0.001281,	-0.000610,	0.999485,	0.000206,
-0.000061,	-0.000061,	1.000156,	0.000191,
-0.000488,	0.000305,	0.998021,	0.000198,
0.000305,	-0.000793,	0.998997,	0.000198,
-0.001281,	-0.001464,	0.998570,	0.000198,
-0.000122,	-0.000183,	0.999302,	0.000198,
0.000366,	-0.000427,	0.999302,	0.000198,
0.000122,	0.001952,	0.998814,	0.000198,
-0.000427,	0.000366,	0.998021,	0.000198,
0.014213,	0.000915,	1.000217,	0.000198,
-0.000976,	0.000000,	0.997777,	0.000183,
0.001159,	-0.001403,	0.998997,	0.000198,
-0.000671,	0.000366,	0.998143,	0.000198,
0.000610,	0.000854,	0.998692,	0.000198,
-0.000061,	0.000793,	0.998936,	0.000198,
-0.000976,	0.002135,	0.997045,	0.000198,
-0.000183,	-0.000671,	0.998570,	0.000198,
-0.000732,	0.000488,	1.000827,	0.000198,
0.000915,	-0.001403,	0.997960,	0.000198,
0.001098,	-0.000854,	0.997045,	0.000198,
-0.001952,	0.000732,	0.999302,	0.000198,
-0.002257,	0.000122,	1.000278,	0.000198,
-0.001098,	-0.000366,	0.998387,	0.000198,
0.000854,	-0.000366,	1.002108,	0.000198,
-0.001708,	0.000671,	0.998509,	0.000198,
-0.000610,	0.000976,	1.000827,	0.000206,
-0.000976,	0.000000,	0.999241,	0.000183,
0.000854,	0.000061,	0.998997,	0.000198,
-0.001159,	0.001037,	0.997289,	0.000198,
0.001281,	-0.000915,	0.997777,	0.000198,
0.000488,	-0.000732,	0.997899,	0.000206,
0.000976,	0.001403,	0.999424,	0.000191,
-0.000610,	0.001037,	0.999546,	0.000198,
0.000366,	0.000183,	0.998509,	0.000198,
-0.000488,	0.001403,	0.998997,	0.000198,
0.000366,	-0.002074,	1.001010,	0.000198,
0.000000,	-0.000183,	0.998509,	0.000183,
0.000671,	-0.000183,	1.001071,	0.000198,
0.001098,	-0.001708,	0.998265,	0.000198,
0.000244,	-0.001586,	0.998387,	0.000206,
-0.000610,	0.000549,	0.999119,	0.000198,
-0.000854,	0.000671,	0.997777,	0.000198,
-0.000488,	0.001281,	0.998448,	0.000198,
0.001037,	0.000427,	0.999241,	0.000198,
0.000427,	0.000671,	0.998631,	0.000198,
-0.001708,	-0.000549,	0.998753,	0.000206,
0.001342,	-0.002013,	0.998814,	0.000206,
0.000976,	-0.001281,	0.997655,	0.000198,
0.000976,	0.000183,	0.999180,	0.000198,
-0.000061,	-0.000244,	1.000217,	0.000198,
0.001403,	-0.000610,	0.998936,	0.000198,
-0.000427,	0.000366,	0.998814,	0.000198,
-0.000488,	0.001525,	0.997472,	0.000198,
0.000000,	-0.000549,	0.997716,	0.000183,
-0.001281,	-0.000854,	0.997960,	0.000198,
0.001342,	-0.001098,	0.996374,	0.000214,
-0.000610,	0.000854,	0.998509,	0.000206,
-0.000854,	0.001464,	0.999485,	0.000206,
0.001098,	-0.000488,	0.998997,	0.000198,
0.000183,	0.000061,	0.999485,	0.000191,
-0.002623,	0.000122,	0.998692,	0.000198,
-0.000183,	-0.000488,	0.997472,	0.000198,
0.001281,	0.000976,	0.997838,	0.000198,
0.001708,	0.000000,	0.998936,	0.000183,
0.000000,	-0.000427,	0.997594,	0.000183,
-0.000854,	-0.000610,	0.997594,	0.000198,
0.000122,	-0.000122,	0.997106,	0.000198,
0.000183,	0.000488,	0.996862,	0.000198,
-0.000305,	0.000305,	0.998387,	0.000198,
0.001220,	-0.001342,	0.998204,	0.000198,
0.000366,	0.000488,	0.996313,	0.000198,
0.000793,	0.000305,	1.000034,	0.000198,
-0.000305,	-0.000488,	0.997655,	0.000198,
-0.000732,	-0.001037,	0.998448,	0.000198,
0.000183,	-0.000549,	1.000034,	0.000198,
-0.000183,	-0.001952,	0.998387,	0.000198,
-0.000671,	0.000488,	0.998570,	0.000198,
0.000854,	0.000122,	0.998387,	0.000198,
-0.001037,	0.001708,	0.997350,	0.000198,
-0.000122,	-0.000122,	0.997045,	0.000198,
0.001525,	-0.000122,	0.998143,	0.000206,
0.000427,	0.002013,	0.997045,	0.000198,
-0.000183,	0.000000,	0.998692,	0.000183,
-0.000122,	0.000000,	0.997716,	0.000183,
0.000000,	0.001342,	0.998326,	0.000183,
-0.000061,	0.001891,	0.997838,	0.000198,
0.001830,	0.000854,	0.997533,	0.000198,
0.000427,	0.000061,	0.998997,	0.000198,
0.000732,	0.000610,	0.997594,	0.000198,
0.000488,	0.000610,	0.995947,	0.000198,
-0.000122,	0.000122,	0.997045,	0.000198,
-0.001708,	-0.000549,	0.995703,	0.000198,
0.000305,	0.000366,	0.998936,	0.000198,
-0.000122,	0.001403,	0.996862,	0.000198,
0.000244,	-0.000549,	0.999973,	0.000198,
0.001098,	0.000183,	0.996191,	0.000198,
-0.000610,	-0.000793,	0.999668,	0.000198,
0.000183,	0.000854,	0.998631,	0.000198,
0.001159,	0.000244,	0.997045,	0.000198,
-0.002013,	0.000000,	0.997594,	0.000175,
0.001037,	0.000732,	0.997045,	0.000198,
-0.001037,	-0.001586,	0.997228,	0.000206,
0.001159,	0.000122,	0.997472,	0.000198,
0.000976,	0.001647,	0.996679,	0.000198,
-0.001220,	-0.000610,	0.997960,	0.000198,
0.000000,	0.000488,	0.996557,	0.000183,
0.000061,	-0.000427,	0.998265,	0.000198,
0.000488,	0.000976,	0.998326,	0.000198,
0.000244,	-0.001525,	0.999241,	0.000198,
-0.000061,	-0.000366,	0.999973,	0.000198,
-0.000366,	-0.001647,	0.999058,	0.000198,
0.000549,	0.001342,	0.999058,	0.000206,
0.000366,	0.000061,	0.999790,	0.000198,
0.000061,	-0.000183,	0.998875,	0.000191,
0.001342,	0.000244,	0.997228,	0.000198,
0.000366,	-0.002440,	0.997472,	0.000198,
-0.000793,	0.001281,	0.999485,	0.000198,
0.000061,	-0.001159,	0.996191,	0.000198,
0.000488,	-0.000793,	0.999668,	0.000198,
-0.001342,	0.000000,	0.998021,	0.000175,
0.000061,	-0.001098,	0.997777,	0.000198,
-0.000488,	-0.000366,	0.998936,	0.000198,
-0.001403,	0.000976,	0.999546,	0.000198,
-0.001525,	0.000732,	0.997472,	0.000206,
0.002745,	0.000549,	0.996496,	0.000198,
0.000549,	0.000061,	0.998814,	0.000198,
0.000854,	0.000183,	0.998265,	0.000198,
0.000000,	-0.001525,	0.998326,	0.000183,
0.000000,	-0.000732,	0.998631,	0.000183,
-0.000610,	0.000854,	0.998021,	0.000198,
-0.000305,	-0.000061,	0.997106,	0.000198,
-0.001952,	-0.000366,	0.998265,	0.000198,
-0.000793,	0.001464,	0.998021,	0.000198,
0.000610,	0.000915,	0.997533,	0.000198,
0.000976,	0.000976,	0.996435,	0.000198,
-0.000976,	-0.001159,	0.997716,	0.000206,
0.000366,	0.000488,	0.998387,	0.000198,
0.001769,	0.000732,	0.997289,	0.000198,
-0.000488,	-0.000549,	0.998570,	0.000198,
-0.000427,	0.000549,	0.997960,	0.000198,
0.000305,	0.000366,	0.999851,	0.000198,
-0.000793,	0.002379,	0.998448,	0.000198,
0.002196,	-0.001220,	1.000705,	0.000198,
0.002379,	-0.000793,	0.999119,	0.000198,
0.001281,	0.001159,	0.998204,	0.000198,
-0.002379,	-0.000854,	0.997777,	0.000198,
0.000488,	0.000305,	0.998570,	0.000198,
0.000854,	0.002745,	0.999546,	0.000198,
-0.001769,	0.000061,	0.997228,	0.000198,
0.000061,	0.000488,	0.998143,	0.000198,
0.002135,	0.001037,	0.999119,	0.000198,
-0.001098,	-0.000915,	0.997472,	0.000206,
0.001464,	-0.001159,	0.997350,	0.000198,
-0.000427,	-0.000427,	0.998448,	0.000198,
0.000671,	0.001342,	0.997533,	0.000198,
-0.001159,	0.002196,	0.995947,	0.000198,
0.000000,	0.000793,	0.999424,	0.000175,
-0.000183,	-0.002501,	0.997960,	0.000206,
-0.000427,	0.000732,	0.997533,	0.000206,
0.000122,	0.001281,	0.997533,	0.000198,
0.000366,	0.000244,	0.997777,	0.000198,
0.000427,	0.000427,	0.997411,	0.000198,
-0.000244,	0.001525,	0.996862,	0.000198,
0.000000,	0.001098,	0.996984,	0.000206,
-0.001708,	0.000549,	1.000522,	0.000198,
-0.000366,	0.002684,	0.997167,	0.000198,
0.000000,	0.000610,	0.996862,	0.000183,
0.000976,	0.000915,	0.998448,	0.000198,
0.000976,	0.000915,	0.996740,	0.000198,
0.000854,	0.001037,	0.997777,	0.000198,
0.000976,	0.001098,	0.998021,	0.000198,
-0.000427,	-0.000793,	0.997594,	0.000198,
0.001525,	0.000183,	0.998631,	0.000198,
0.001220,	-0.000305,	0.998448,	0.000198,
0.001586,	0.000610,	0.998997,	0.000198,
-0.000549,	-0.000183,	0.999363,	0.000198,
-0.000732,	0.000488,	0.998143,	0.000198,
-0.000244,	0.001037,	0.997533,	0.000198,
0.000305,	0.000366,	0.997960,	0.000198,
0.000366,	-0.000976,	0.998753,	0.000198,
-0.002013,	0.001464,	0.997350,	0.000206,
-0.000549,	-0.000671,	0.996069,	0.000198,
-0.000366,	-0.000305,	0.998387,	0.000206,
-0.000976,	0.000854,	0.998448,	0.000206,
0.000122,	0.000671,	0.997960,	0.000198,
0.001708,	0.000244,	0.998692,	0.000206,
-0.000549,	0.000000,	0.998570,	0.000183,
0.000549,	0.000305,	0.996008,	0.000198,
0.000427,	-0.000305,	0.998387,	0.000198,
0.000122,	0.000549,	0.999424,	0.000191,
-0.000366,	0.000244,	1.000217,	0.000198,
-0.001220,	-0.000488,	0.998204,	0.000198,
-0.000305,	0.001342,	0.998631,	0.000198,
-0.001525,	-0.001037,	0.998997,	0.000198,
-0.000671,	0.000854,	0.999668,	0.000198,
0.000793,	-0.000732,	0.998509,	0.000198,
0.000183,	0.001037,	0.998692,	0.000198,
-0.001464,	-0.000488,	1.000644,	0.000198,
-0.001098,	0.000305,	1.000827,	0.000198,
-0.000366,	-0.001159,	1.000278,	0.000198,
-0.000732,	0.000488,	0.997899,	0.000198,
-0.001525,	-0.000793,	0.998570,	0.000206,
-0.000366,	0.001220,	0.998265,	0.000198,
0.001281,	-0.000061,	0.999546,	0.000198,
-0.000488,	0.002379,	0.998570,	0.000198,
0.000183,	-0.000671,	0.997289,	0.000206,
0.000610,	-0.000305,	0.998875,	0.000198,
-0.000427,	-0.001464,	0.998936,	0.000198,
-0.000061,	-0.000610,	0.998692,	0.000198,
-0.000854,	0.000793,	0.998204,	0.000198,
-0.001708,	0.000366,	0.997960,	0.000198,
0.001098,	0.000183,	0.999485,	0.000206,
-0.000366,	0.001098,	0.998509,	0.000198,
-0.001098,	-0.000244,	0.998021,	0.000198,
0.001098,	-0.001159,	0.996191,	0.000206,
0.000732,	0.000061,	0.998753,	0.000198,
-0.000671,	0.000915,	0.997960,	0.000198,
-0.000549,	0.000122,	1.000156,	0.000198,
-0.002501,	-0.001586,	1.000522,	0.000198,
-0.000061,	0.000549,	0.999668,	0.000198,
-0.001708,	-0.000854,	0.998570,	0.000198,
-0.000732,	-0.000976,	0.997960,	0.000198,
-0.001159,	0.000122,	0.999241,	0.000198,
-0.000915,	0.001708,	0.998265,	0.000206,
-0.000854,	-0.001403,	0.998326,	0.000198,
0.002440,	0.001342,	0.999058,	0.000206,
-0.000366,	0.000549,	0.998448,	0.000198,
-0.000244,	0.000183,	0.999607,	0.000198,
-0.001281,	-0.001586,	1.000339,	0.000198,
-0.001159,	0.001525,	0.998326,	0.000198,
0.000061,	0.000610,	0.998936,	0.000198,
0.000793,	0.001464,	0.999485,	0.000198,
-0.000244,	-0.000976,	0.999729,	0.000198,
0.001403,	0.000732,	1.000095,	0.000198,
0.000244,	-0.001037,	0.998570,	0.000198,
0.001098,	0.000549,	1.000827,	0.000198,
0.001464,	-0.000854,	0.999546,	0.000198,
0.000915,	0.000549,	0.999668,	0.000198,
-0.001098,	0.000732,	0.999363,	0.000198,
0.000610,	-0.000854,	0.998387,	0.000198,
0.000061,	-0.000305,	1.000156,	0.000191,
-0.000976,	0.000061,	0.997228,	0.000198,
-0.001159,	0.000244,	0.999973,	0.000206,
0.001464,	0.000000,	0.997960,	0.000183,
0.000122,	-0.001281,	1.000461,	0.000198,
-0.000793,	-0.000488,	0.998631,	0.000198,
0.001647,	-0.001891,	0.999546,	0.000206,
0.000976,	-0.001220,	0.999119,	0.000198,
-0.000366,	-0.001769,	0.999241,	0.000198,
-0.000915,	0.000915,	0.998021,	0.000198,
-0.000366,	0.000854,	0.998082,	0.000198,
0.000244,	-0.000976,	0.999241,	0.000206,
-0.000549,	0.000305,	0.998265,	0.000198,
-0.001525,	0.000305,	1.001132,	0.000198,
0.001342,	-0.000427,	0.999729,	0.000198,
0.000793,	-0.000610,	0.997289,	0.000198,
0.000427,	0.000854,	0.998875,	0.000198,
0.001098,	0.000122,	0.998753,	0.000198,
-0.002196,	0.000183,	0.999851,	0.000198,
0.000854,	0.000000,	0.998570,	0.000175,
0.000244,	-0.000610,	0.999180,	0.000198,
0.000793,	-0.001891,	0.998875,	0.000206,
-0.000915,	0.001098,	0.997594,	0.000198,
0.000610,	-0.000244,	0.998997,	0.000198,
-0.000305,	0.001830,	0.998448,	0.000206,
0.000122,	-0.000122,	0.997777,	0.000198,
0.000427,	-0.000549,	0.997045,	0.000198,
0.000793,	0.000793,	0.999485,	0.000198,
-0.000183,	0.000061,	0.997045,	0.000198,
-0.002013,	0.000122,	0.998997,	0.000198,
-0.002013,	0.000915,	0.999180,	0.000198,
0.002257,	0.000549,	0.998204,	0.000206,
0.001647,	0.000976,	0.997716,	0.000198,
0.000244,	0.000244,	1.000705,	0.000198,
0.001220,	-0.002379,	1.000461,	0.000198,
0.000183,	-0.000732,	1.000400,	0.000198,
-0.000122,	0.001403,	0.997228,	0.000198,
0.000610,	-0.000427,	0.997411,	0.000198,
-0.000976,	0.000061,	0.997899,	0.000191,
0.000061,	0.000793,	0.996862,	0.000198,
-0.000122,	0.000061,	0.997106,	0.000198,
0.000000,	0.000915,	0.998753,	0.000191,
0.001952,	-0.000305,	0.998692,	0.000198,
0.000976,	0.000305,	0.998997,	0.000198,
0.001769,	0.001098,	0.998326,	0.000198,
0.000305,	0.000549,	0.998814,	0.000198,
0.000976,	0.001220,	0.997106,	0.000198,
0.000244,	0.000549,	0.998387,	0.000198,
0.001159,	0.000671,	0.998021,	0.000198,
-0.001525,	0.000427,	1.001132,	0.000198,
-0.000671,	0.001037,	1.000522,	0.000198,
0.002501,	-0.000488,	0.998692,	0.000198,
0.000610,	-0.002013,	0.999363,	0.000198,
-0.000854,	0.000305,	0.998875,	0.000198,
-0.003294,	-0.000976,	0.998936,	0.000198,
-0.000854,	0.001220,	0.999180,	0.000206,
0.000793,	0.002135,	0.997228,	0.000198,
0.000366,	0.000915,	0.999058,	0.000198,
0.000793,	-0.000549,	0.998265,	0.000198,
0.000854,	0.001464,	0.999119,	0.000198,
-0.003233,	-0.000732,	1.001254,	0.000198,
0.001525,	-0.000976,	0.999058,	0.000198,
-0.001952,	0.001403,	0.999729,	0.000198,
-0.000183,	-0.000732,	0.999058,	0.000198,
0.001220,	-0.000488,	0.998265,	0.000198,
0.001220,	-0.000610,	0.999058,	0.000206,
0.001037,	0.000610,	0.998570,	0.000198,
0.000183,	-0.001220,	0.998997,	0.000198,
-0.000915,	-0.000793,	0.998082,	0.000206,
-0.000610,	-0.000793,	0.998631,	0.000198,
0.000427,	-0.001403,	0.998021,	0.000198,
-0.000610,	0.000183,	0.997106,	0.000198,
-0.001159,	0.000122,	0.997472,	0.000198,
0.000671,	-0.000793,	0.998997,	0.000198,
-0.000610,	0.000122,	0.999180,	0.000198,
-0.014213,	-0.000915,	1.000888,	0.000198,
-0.001586,	-0.000061,	1.000339,	0.000198,
-0.000549,	-0.000061,	0.998387,	0.000198,
0.001342,	-0.000305,	1.000644,	0.000198,
-0.000854,	-0.000366,	0.998570,	0.000198,
0.001891,	-0.000671,	0.999363,	0.000198,
0.001708,	-0.000061,	1.000644,	0.000198,
-0.001586,	0.000427,	0.997838,	0.000198,
-0.002928,	-0.000427,	0.999546,	0.000198,
-0.001159,	0.002562,	0.999241,	0.000198,